{"/home/isaiah/dev/rap/back-end/api/app.js": {"path":"/home/isaiah/dev/rap/back-end/api/app.js","statementMap":{"0":{"start":{"line":1,"column":20},"end":{"line":1,"column":42}},"1":{"start":{"line":2,"column":16},"end":{"line":2,"column":34}},"2":{"start":{"line":3,"column":13},"end":{"line":3,"column":28}},"3":{"start":{"line":4,"column":21},"end":{"line":4,"column":45}},"4":{"start":{"line":5,"column":15},"end":{"line":5,"column":32}},"5":{"start":{"line":6,"column":15},"end":{"line":6,"column":32}},"6":{"start":{"line":7,"column":18},"end":{"line":7,"column":47}},"7":{"start":{"line":8,"column":21},"end":{"line":8,"column":45}},"8":{"start":{"line":9,"column":15},"end":{"line":9,"column":32}},"9":{"start":{"line":10,"column":20},"end":{"line":10,"column":46}},"10":{"start":{"line":12,"column":22},"end":{"line":12,"column":37}},"11":{"start":{"line":13,"column":0},"end":{"line":15,"column":1}},"12":{"start":{"line":14,"column":2},"end":{"line":14,"column":28}},"13":{"start":{"line":17,"column":20},"end":{"line":17,"column":45}},"14":{"start":{"line":18,"column":25},"end":{"line":20,"column":1}},"15":{"start":{"line":23,"column":20},"end":{"line":23,"column":57}},"16":{"start":{"line":24,"column":19},"end":{"line":24,"column":55}},"17":{"start":{"line":25,"column":17},"end":{"line":25,"column":55}},"18":{"start":{"line":26,"column":18},"end":{"line":26,"column":62}},"19":{"start":{"line":27,"column":19},"end":{"line":27,"column":60}},"20":{"start":{"line":28,"column":19},"end":{"line":28,"column":54}},"21":{"start":{"line":30,"column":12},"end":{"line":30,"column":21}},"22":{"start":{"line":32,"column":0},"end":{"line":35,"column":3}},"23":{"start":{"line":33,"column":2},"end":{"line":33,"column":73}},"24":{"start":{"line":38,"column":0},"end":{"line":42,"column":2}},"25":{"start":{"line":44,"column":0},"end":{"line":44,"column":18}},"26":{"start":{"line":45,"column":0},"end":{"line":45,"column":24}},"27":{"start":{"line":46,"column":0},"end":{"line":50,"column":2}},"28":{"start":{"line":51,"column":0},"end":{"line":51,"column":23}},"29":{"start":{"line":52,"column":0},"end":{"line":52,"column":49}},"30":{"start":{"line":53,"column":0},"end":{"line":53,"column":24}},"31":{"start":{"line":56,"column":0},"end":{"line":56,"column":26}},"32":{"start":{"line":57,"column":0},"end":{"line":57,"column":29}},"33":{"start":{"line":58,"column":0},"end":{"line":58,"column":41}},"34":{"start":{"line":59,"column":0},"end":{"line":59,"column":27}},"35":{"start":{"line":60,"column":0},"end":{"line":60,"column":28}},"36":{"start":{"line":61,"column":0},"end":{"line":61,"column":30}},"37":{"start":{"line":64,"column":0},"end":{"line":66,"column":3}},"38":{"start":{"line":65,"column":2},"end":{"line":65,"column":25}},"39":{"start":{"line":69,"column":0},"end":{"line":88,"column":3}},"40":{"start":{"line":70,"column":2},"end":{"line":76,"column":3}},"41":{"start":{"line":71,"column":4},"end":{"line":71,"column":37}},"42":{"start":{"line":72,"column":4},"end":{"line":72,"column":39}},"43":{"start":{"line":73,"column":4},"end":{"line":75,"column":5}},"44":{"start":{"line":74,"column":6},"end":{"line":74,"column":29}},"45":{"start":{"line":77,"column":2},"end":{"line":77,"column":21}},"46":{"start":{"line":78,"column":2},"end":{"line":81,"column":3}},"47":{"start":{"line":79,"column":4},"end":{"line":79,"column":44}},"48":{"start":{"line":80,"column":4},"end":{"line":80,"column":28}},"49":{"start":{"line":82,"column":2},"end":{"line":86,"column":3}},"50":{"start":{"line":83,"column":4},"end":{"line":83,"column":41}},"51":{"start":{"line":84,"column":22},"end":{"line":84,"column":78}},"52":{"start":{"line":85,"column":4},"end":{"line":85,"column":31}},"53":{"start":{"line":87,"column":2},"end":{"line":87,"column":12}},"54":{"start":{"line":90,"column":0},"end":{"line":90,"column":21}}},"fnMap":{"0":{"name":"(anonymous_0)","decl":{"start":{"line":32,"column":33},"end":{"line":32,"column":34}},"loc":{"start":{"line":32,"column":48},"end":{"line":35,"column":1}},"line":32},"1":{"name":"(anonymous_1)","decl":{"start":{"line":64,"column":8},"end":{"line":64,"column":9}},"loc":{"start":{"line":64,"column":28},"end":{"line":66,"column":1}},"line":64},"2":{"name":"(anonymous_2)","decl":{"start":{"line":69,"column":8},"end":{"line":69,"column":9}},"loc":{"start":{"line":69,"column":33},"end":{"line":88,"column":1}},"line":69}},"branchMap":{"0":{"loc":{"start":{"line":13,"column":0},"end":{"line":15,"column":1}},"type":"if","locations":[{"start":{"line":13,"column":0},"end":{"line":15,"column":1}},{"start":{"line":13,"column":0},"end":{"line":15,"column":1}}],"line":13},"1":{"loc":{"start":{"line":13,"column":4},"end":{"line":13,"column":63}},"type":"binary-expr","locations":[{"start":{"line":13,"column":4},"end":{"line":13,"column":40}},{"start":{"line":13,"column":44},"end":{"line":13,"column":63}}],"line":13},"2":{"loc":{"start":{"line":70,"column":2},"end":{"line":76,"column":3}},"type":"if","locations":[{"start":{"line":70,"column":2},"end":{"line":76,"column":3}},{"start":{"line":70,"column":2},"end":{"line":76,"column":3}}],"line":70},"3":{"loc":{"start":{"line":73,"column":4},"end":{"line":75,"column":5}},"type":"if","locations":[{"start":{"line":73,"column":4},"end":{"line":75,"column":5}},{"start":{"line":73,"column":4},"end":{"line":75,"column":5}}],"line":73},"4":{"loc":{"start":{"line":78,"column":2},"end":{"line":81,"column":3}},"type":"if","locations":[{"start":{"line":78,"column":2},"end":{"line":81,"column":3}},{"start":{"line":78,"column":2},"end":{"line":81,"column":3}}],"line":78},"5":{"loc":{"start":{"line":78,"column":6},"end":{"line":78,"column":66}},"type":"binary-expr","locations":[{"start":{"line":78,"column":6},"end":{"line":78,"column":43}},{"start":{"line":78,"column":47},"end":{"line":78,"column":66}}],"line":78},"6":{"loc":{"start":{"line":82,"column":2},"end":{"line":86,"column":3}},"type":"if","locations":[{"start":{"line":82,"column":2},"end":{"line":86,"column":3}},{"start":{"line":82,"column":2},"end":{"line":86,"column":3}}],"line":82},"7":{"loc":{"start":{"line":83,"column":15},"end":{"line":83,"column":39}},"type":"binary-expr","locations":[{"start":{"line":83,"column":15},"end":{"line":83,"column":32}},{"start":{"line":83,"column":36},"end":{"line":83,"column":39}}],"line":83}},"s":{"0":2,"1":2,"2":2,"3":2,"4":2,"5":2,"6":2,"7":2,"8":2,"9":2,"10":2,"11":2,"12":0,"13":2,"14":2,"15":2,"16":2,"17":2,"18":2,"19":2,"20":2,"21":2,"22":2,"23":0,"24":2,"25":2,"26":2,"27":2,"28":2,"29":2,"30":2,"31":2,"32":2,"33":2,"34":2,"35":2,"36":2,"37":2,"38":1,"39":2,"40":1,"41":1,"42":1,"43":1,"44":0,"45":1,"46":1,"47":0,"48":0,"49":1,"50":1,"51":1,"52":1,"53":0,"54":2},"f":{"0":0,"1":1,"2":1},"b":{"0":[0,2],"1":[2,2],"2":[1,0],"3":[0,1],"4":[0,1],"5":[1,0],"6":[1,0],"7":[1,0]},"_coverageSchema":"1a1c01bbd47fc00a2c39e90264f33305004495a9","hash":"42230c812d463613e946c859e8b907372a357100"}
,"/home/isaiah/dev/rap/back-end/api/middleware/authRequired.js": {"path":"/home/isaiah/dev/rap/back-end/api/middleware/authRequired.js","statementMap":{"0":{"start":{"line":1,"column":13},"end":{"line":1,"column":49}},"1":{"start":{"line":2,"column":12},"end":{"line":2,"column":35}},"2":{"start":{"line":3,"column":22},"end":{"line":3,"column":37}},"3":{"start":{"line":5,"column":21},"end":{"line":47,"column":1}},"4":{"start":{"line":8,"column":2},"end":{"line":8,"column":27}},"5":{"start":{"line":10,"column":2},"end":{"line":15,"column":3}},"6":{"start":{"line":14,"column":4},"end":{"line":14,"column":52}},"7":{"start":{"line":17,"column":2},"end":{"line":21,"column":3}},"8":{"start":{"line":18,"column":4},"end":{"line":20,"column":79}},"9":{"start":{"line":25,"column":2},"end":{"line":46,"column":3}},"10":{"start":{"line":26,"column":20},"end":{"line":26,"column":78}},"11":{"start":{"line":29,"column":24},"end":{"line":29,"column":55}},"12":{"start":{"line":31,"column":4},"end":{"line":35,"column":5}},"13":{"start":{"line":32,"column":6},"end":{"line":34,"column":80}},"14":{"start":{"line":39,"column":4},"end":{"line":39,"column":40}},"15":{"start":{"line":42,"column":4},"end":{"line":42,"column":27}},"16":{"start":{"line":43,"column":4},"end":{"line":43,"column":11}},"17":{"start":{"line":45,"column":4},"end":{"line":45,"column":63}},"18":{"start":{"line":49,"column":0},"end":{"line":49,"column":30}}},"fnMap":{"0":{"name":"(anonymous_0)","decl":{"start":{"line":5,"column":21},"end":{"line":5,"column":22}},"loc":{"start":{"line":5,"column":47},"end":{"line":47,"column":1}},"line":5}},"branchMap":{"0":{"loc":{"start":{"line":10,"column":2},"end":{"line":15,"column":3}},"type":"if","locations":[{"start":{"line":10,"column":2},"end":{"line":15,"column":3}},{"start":{"line":10,"column":2},"end":{"line":15,"column":3}}],"line":10},"1":{"loc":{"start":{"line":11,"column":4},"end":{"line":12,"column":50}},"type":"binary-expr","locations":[{"start":{"line":11,"column":4},"end":{"line":11,"column":29}},{"start":{"line":12,"column":4},"end":{"line":12,"column":50}}],"line":11},"2":{"loc":{"start":{"line":17,"column":2},"end":{"line":21,"column":3}},"type":"if","locations":[{"start":{"line":17,"column":2},"end":{"line":21,"column":3}},{"start":{"line":17,"column":2},"end":{"line":21,"column":3}}],"line":17},"3":{"loc":{"start":{"line":31,"column":4},"end":{"line":35,"column":5}},"type":"if","locations":[{"start":{"line":31,"column":4},"end":{"line":35,"column":5}},{"start":{"line":31,"column":4},"end":{"line":35,"column":5}}],"line":31}},"s":{"0":2,"1":2,"2":2,"3":2,"4":0,"5":0,"6":0,"7":0,"8":0,"9":0,"10":0,"11":0,"12":0,"13":0,"14":0,"15":0,"16":0,"17":0,"18":2},"f":{"0":0},"b":{"0":[0,0],"1":[0,0],"2":[0,0],"3":[0,0]},"_coverageSchema":"1a1c01bbd47fc00a2c39e90264f33305004495a9","hash":"91f47e756c06b81bc7fb6f785958a7d4bf4de98b"}
,"/home/isaiah/dev/rap/back-end/api/middleware/restrictTo.js": {"path":"/home/isaiah/dev/rap/back-end/api/middleware/restrictTo.js","statementMap":{"0":{"start":{"line":1,"column":20},"end":{"line":1,"column":42}},"1":{"start":{"line":3,"column":19},"end":{"line":10,"column":1}},"2":{"start":{"line":3,"column":33},"end":{"line":10,"column":1}},"3":{"start":{"line":4,"column":19},"end":{"line":4,"column":27}},"4":{"start":{"line":6,"column":2},"end":{"line":8,"column":3}},"5":{"start":{"line":7,"column":4},"end":{"line":7,"column":74}},"6":{"start":{"line":9,"column":2},"end":{"line":9,"column":9}},"7":{"start":{"line":12,"column":0},"end":{"line":12,"column":28}}},"fnMap":{"0":{"name":"(anonymous_0)","decl":{"start":{"line":3,"column":19},"end":{"line":3,"column":20}},"loc":{"start":{"line":3,"column":33},"end":{"line":10,"column":1}},"line":3},"1":{"name":"(anonymous_1)","decl":{"start":{"line":3,"column":33},"end":{"line":3,"column":34}},"loc":{"start":{"line":3,"column":53},"end":{"line":10,"column":1}},"line":3}},"branchMap":{"0":{"loc":{"start":{"line":6,"column":2},"end":{"line":8,"column":3}},"type":"if","locations":[{"start":{"line":6,"column":2},"end":{"line":8,"column":3}},{"start":{"line":6,"column":2},"end":{"line":8,"column":3}}],"line":6}},"s":{"0":3,"1":3,"2":44,"3":0,"4":0,"5":0,"6":0,"7":3},"f":{"0":44,"1":0},"b":{"0":[0,0]},"_coverageSchema":"1a1c01bbd47fc00a2c39e90264f33305004495a9","hash":"62082e6f62bf267da29463173fd2475d75ee9168"}
,"/home/isaiah/dev/rap/back-end/api/routes/addresses/addr-model.js": {"path":"/home/isaiah/dev/rap/back-end/api/routes/addresses/addr-model.js","statementMap":{"0":{"start":{"line":1,"column":11},"end":{"line":1,"column":45}},"1":{"start":{"line":3,"column":16},"end":{"line":5,"column":1}},"2":{"start":{"line":4,"column":2},"end":{"line":4,"column":25}},"3":{"start":{"line":7,"column":17},"end":{"line":9,"column":1}},"4":{"start":{"line":8,"column":2},"end":{"line":8,"column":49}},"5":{"start":{"line":11,"column":15},"end":{"line":13,"column":1}},"6":{"start":{"line":12,"column":2},"end":{"line":12,"column":39}},"7":{"start":{"line":15,"column":15},"end":{"line":17,"column":1}},"8":{"start":{"line":16,"column":2},"end":{"line":16,"column":53}},"9":{"start":{"line":19,"column":15},"end":{"line":21,"column":1}},"10":{"start":{"line":20,"column":2},"end":{"line":20,"column":54}},"11":{"start":{"line":23,"column":15},"end":{"line":25,"column":1}},"12":{"start":{"line":24,"column":2},"end":{"line":24,"column":47}},"13":{"start":{"line":27,"column":0},"end":{"line":34,"column":2}}},"fnMap":{"0":{"name":"(anonymous_0)","decl":{"start":{"line":3,"column":16},"end":{"line":3,"column":17}},"loc":{"start":{"line":3,"column":22},"end":{"line":5,"column":1}},"line":3},"1":{"name":"(anonymous_1)","decl":{"start":{"line":7,"column":17},"end":{"line":7,"column":18}},"loc":{"start":{"line":7,"column":25},"end":{"line":9,"column":1}},"line":7},"2":{"name":"(anonymous_2)","decl":{"start":{"line":11,"column":15},"end":{"line":11,"column":16}},"loc":{"start":{"line":11,"column":27},"end":{"line":13,"column":1}},"line":11},"3":{"name":"(anonymous_3)","decl":{"start":{"line":15,"column":15},"end":{"line":15,"column":16}},"loc":{"start":{"line":15,"column":25},"end":{"line":17,"column":1}},"line":15},"4":{"name":"(anonymous_4)","decl":{"start":{"line":19,"column":15},"end":{"line":19,"column":16}},"loc":{"start":{"line":19,"column":29},"end":{"line":21,"column":1}},"line":19},"5":{"name":"(anonymous_5)","decl":{"start":{"line":23,"column":15},"end":{"line":23,"column":16}},"loc":{"start":{"line":23,"column":23},"end":{"line":25,"column":1}},"line":23}},"branchMap":{},"s":{"0":2,"1":2,"2":0,"3":2,"4":0,"5":2,"6":0,"7":2,"8":0,"9":2,"10":0,"11":2,"12":0,"13":2},"f":{"0":0,"1":0,"2":0,"3":0,"4":0,"5":0},"b":{},"_coverageSchema":"1a1c01bbd47fc00a2c39e90264f33305004495a9","hash":"4e63411d539206d74059044970d895a4d38cd579"}
,"/home/isaiah/dev/rap/back-end/api/routes/addresses/addr-router.js": {"path":"/home/isaiah/dev/rap/back-end/api/routes/addresses/addr-router.js","statementMap":{"0":{"start":{"line":1,"column":16},"end":{"line":1,"column":34}},"1":{"start":{"line":2,"column":21},"end":{"line":2,"column":61}},"2":{"start":{"line":4,"column":13},"end":{"line":4,"column":36}},"3":{"start":{"line":5,"column":15},"end":{"line":5,"column":31}},"4":{"start":{"line":6,"column":19},"end":{"line":6,"column":57}},"5":{"start":{"line":8,"column":0},"end":{"line":15,"column":3}},"6":{"start":{"line":9,"column":2},"end":{"line":14,"column":3}},"7":{"start":{"line":10,"column":18},"end":{"line":10,"column":38}},"8":{"start":{"line":11,"column":4},"end":{"line":11,"column":32}},"9":{"start":{"line":13,"column":4},"end":{"line":13,"column":48}},"10":{"start":{"line":17,"column":0},"end":{"line":26,"column":3}},"11":{"start":{"line":18,"column":17},"end":{"line":18,"column":27}},"12":{"start":{"line":20,"column":2},"end":{"line":25,"column":3}},"13":{"start":{"line":21,"column":17},"end":{"line":21,"column":40}},"14":{"start":{"line":22,"column":4},"end":{"line":22,"column":31}},"15":{"start":{"line":24,"column":4},"end":{"line":24,"column":48}},"16":{"start":{"line":28,"column":0},"end":{"line":36,"column":3}},"17":{"start":{"line":29,"column":18},"end":{"line":29,"column":26}},"18":{"start":{"line":30,"column":2},"end":{"line":35,"column":3}},"19":{"start":{"line":31,"column":22},"end":{"line":31,"column":48}},"20":{"start":{"line":32,"column":4},"end":{"line":32,"column":36}},"21":{"start":{"line":34,"column":4},"end":{"line":34,"column":48}},"22":{"start":{"line":38,"column":0},"end":{"line":47,"column":3}},"23":{"start":{"line":39,"column":17},"end":{"line":39,"column":27}},"24":{"start":{"line":40,"column":18},"end":{"line":40,"column":26}},"25":{"start":{"line":41,"column":2},"end":{"line":46,"column":3}},"26":{"start":{"line":42,"column":20},"end":{"line":42,"column":50}},"27":{"start":{"line":43,"column":4},"end":{"line":43,"column":78}},"28":{"start":{"line":45,"column":4},"end":{"line":45,"column":48}},"29":{"start":{"line":49,"column":0},"end":{"line":57,"column":3}},"30":{"start":{"line":50,"column":17},"end":{"line":50,"column":27}},"31":{"start":{"line":51,"column":2},"end":{"line":56,"column":3}},"32":{"start":{"line":52,"column":4},"end":{"line":52,"column":26}},"33":{"start":{"line":53,"column":4},"end":{"line":53,"column":58}},"34":{"start":{"line":55,"column":4},"end":{"line":55,"column":48}},"35":{"start":{"line":59,"column":0},"end":{"line":59,"column":24}}},"fnMap":{"0":{"name":"(anonymous_0)","decl":{"start":{"line":8,"column":51},"end":{"line":8,"column":52}},"loc":{"start":{"line":8,"column":71},"end":{"line":15,"column":1}},"line":8},"1":{"name":"(anonymous_1)","decl":{"start":{"line":17,"column":54},"end":{"line":17,"column":55}},"loc":{"start":{"line":17,"column":74},"end":{"line":26,"column":1}},"line":17},"2":{"name":"(anonymous_2)","decl":{"start":{"line":28,"column":52},"end":{"line":28,"column":53}},"loc":{"start":{"line":28,"column":72},"end":{"line":36,"column":1}},"line":28},"3":{"name":"(anonymous_3)","decl":{"start":{"line":38,"column":54},"end":{"line":38,"column":55}},"loc":{"start":{"line":38,"column":74},"end":{"line":47,"column":1}},"line":38},"4":{"name":"(anonymous_4)","decl":{"start":{"line":49,"column":57},"end":{"line":49,"column":58}},"loc":{"start":{"line":49,"column":77},"end":{"line":57,"column":1}},"line":49}},"branchMap":{},"s":{"0":2,"1":2,"2":2,"3":2,"4":2,"5":2,"6":0,"7":0,"8":0,"9":0,"10":2,"11":0,"12":0,"13":0,"14":0,"15":0,"16":2,"17":0,"18":0,"19":0,"20":0,"21":0,"22":2,"23":0,"24":0,"25":0,"26":0,"27":0,"28":0,"29":2,"30":0,"31":0,"32":0,"33":0,"34":0,"35":2},"f":{"0":0,"1":0,"2":0,"3":0,"4":0},"b":{},"_coverageSchema":"1a1c01bbd47fc00a2c39e90264f33305004495a9","hash":"66ea16e269af91fd0e4ab14431787593509e0e0f"}
,"/home/isaiah/dev/rap/back-end/api/routes/auth/authRouter.js": {"path":"/home/isaiah/dev/rap/back-end/api/routes/auth/authRouter.js","statementMap":{"0":{"start":{"line":1,"column":16},"end":{"line":1,"column":34}},"1":{"start":{"line":2,"column":15},"end":{"line":2,"column":31}},"2":{"start":{"line":4,"column":36},"end":{"line":4,"column":60}},"3":{"start":{"line":7,"column":48},"end":{"line":7,"column":71}},"4":{"start":{"line":10,"column":30},"end":{"line":10,"column":53}},"5":{"start":{"line":12,"column":0},"end":{"line":12,"column":48}},"6":{"start":{"line":14,"column":0},"end":{"line":14,"column":61}},"7":{"start":{"line":16,"column":0},"end":{"line":16,"column":24}}},"fnMap":{},"branchMap":{},"s":{"0":2,"1":2,"2":2,"3":2,"4":2,"5":2,"6":2,"7":2},"f":{},"b":{},"_coverageSchema":"1a1c01bbd47fc00a2c39e90264f33305004495a9","hash":"a23dcda5ecb4cba44d97222df4200dd4b0a51783"}
,"/home/isaiah/dev/rap/back-end/api/routes/auth/controllers/index.js": {"path":"/home/isaiah/dev/rap/back-end/api/routes/auth/controllers/index.js","statementMap":{"0":{"start":{"line":1,"column":21},"end":{"line":1,"column":46}},"1":{"start":{"line":3,"column":18},"end":{"line":3,"column":40}},"2":{"start":{"line":5,"column":0},"end":{"line":8,"column":2}}},"fnMap":{},"branchMap":{},"s":{"0":2,"1":2,"2":2},"f":{},"b":{},"_coverageSchema":"1a1c01bbd47fc00a2c39e90264f33305004495a9","hash":"e3dd559c01a7abc6ebea68cea30eadb19e2e5d26"}
,"/home/isaiah/dev/rap/back-end/api/routes/auth/controllers/loginUser.js": {"path":"/home/isaiah/dev/rap/back-end/api/routes/auth/controllers/loginUser.js","statementMap":{"0":{"start":{"line":1,"column":22},"end":{"line":1,"column":41}},"1":{"start":{"line":2,"column":13},"end":{"line":2,"column":45}},"2":{"start":{"line":3,"column":15},"end":{"line":3,"column":34}},"3":{"start":{"line":5,"column":18},"end":{"line":33,"column":1}},"4":{"start":{"line":6,"column":30},"end":{"line":6,"column":38}},"5":{"start":{"line":8,"column":2},"end":{"line":32,"column":3}},"6":{"start":{"line":10,"column":15},"end":{"line":10,"column":43}},"7":{"start":{"line":11,"column":4},"end":{"line":11,"column":19}},"8":{"start":{"line":13,"column":27},"end":{"line":13,"column":72}},"9":{"start":{"line":15,"column":4},"end":{"line":18,"column":5}},"10":{"start":{"line":17,"column":6},"end":{"line":17,"column":78}},"11":{"start":{"line":21,"column":18},"end":{"line":21,"column":36}},"12":{"start":{"line":24,"column":4},"end":{"line":24,"column":33}},"13":{"start":{"line":26,"column":4},"end":{"line":29,"column":7}},"14":{"start":{"line":31,"column":4},"end":{"line":31,"column":36}},"15":{"start":{"line":35,"column":0},"end":{"line":35,"column":27}}},"fnMap":{"0":{"name":"(anonymous_0)","decl":{"start":{"line":5,"column":18},"end":{"line":5,"column":19}},"loc":{"start":{"line":5,"column":44},"end":{"line":33,"column":1}},"line":5}},"branchMap":{"0":{"loc":{"start":{"line":15,"column":4},"end":{"line":18,"column":5}},"type":"if","locations":[{"start":{"line":15,"column":4},"end":{"line":18,"column":5}},{"start":{"line":15,"column":4},"end":{"line":18,"column":5}}],"line":15}},"s":{"0":2,"1":2,"2":2,"3":2,"4":1,"5":1,"6":1,"7":1,"8":1,"9":1,"10":0,"11":1,"12":1,"13":1,"14":0,"15":2},"f":{"0":1},"b":{"0":[0,1]},"_coverageSchema":"1a1c01bbd47fc00a2c39e90264f33305004495a9","hash":"bc9316d020f4e99bb188d523766312544866f775"}
,"/home/isaiah/dev/rap/back-end/api/routes/auth/controllers/registerUser.js": {"path":"/home/isaiah/dev/rap/back-end/api/routes/auth/controllers/registerUser.js","statementMap":{"0":{"start":{"line":1,"column":22},"end":{"line":1,"column":41}},"1":{"start":{"line":3,"column":13},"end":{"line":3,"column":45}},"2":{"start":{"line":5,"column":21},"end":{"line":26,"column":1}},"3":{"start":{"line":6,"column":16},"end":{"line":6,"column":24}},"4":{"start":{"line":8,"column":2},"end":{"line":25,"column":3}},"5":{"start":{"line":9,"column":15},"end":{"line":9,"column":41}},"6":{"start":{"line":11,"column":4},"end":{"line":11,"column":19}},"7":{"start":{"line":14,"column":4},"end":{"line":14,"column":33}},"8":{"start":{"line":17,"column":18},"end":{"line":17,"column":36}},"9":{"start":{"line":19,"column":4},"end":{"line":22,"column":7}},"10":{"start":{"line":24,"column":4},"end":{"line":24,"column":63}},"11":{"start":{"line":28,"column":0},"end":{"line":28,"column":30}}},"fnMap":{"0":{"name":"(anonymous_0)","decl":{"start":{"line":5,"column":21},"end":{"line":5,"column":22}},"loc":{"start":{"line":5,"column":47},"end":{"line":26,"column":1}},"line":5}},"branchMap":{},"s":{"0":2,"1":2,"2":2,"3":1,"4":1,"5":1,"6":1,"7":1,"8":1,"9":1,"10":0,"11":2},"f":{"0":1},"b":{},"_coverageSchema":"1a1c01bbd47fc00a2c39e90264f33305004495a9","hash":"44fe2ed003002db0524e55a9df4517178bfe9e76"}
,"/home/isaiah/dev/rap/back-end/api/routes/auth/middleware/checkIfUserExists.js": {"path":"/home/isaiah/dev/rap/back-end/api/routes/auth/middleware/checkIfUserExists.js","statementMap":{"0":{"start":{"line":1,"column":13},"end":{"line":1,"column":45}},"1":{"start":{"line":3,"column":26},"end":{"line":25,"column":1}},"2":{"start":{"line":4,"column":20},"end":{"line":4,"column":28}},"3":{"start":{"line":7,"column":2},"end":{"line":7,"column":28}},"4":{"start":{"line":7,"column":14},"end":{"line":7,"column":28}},"5":{"start":{"line":9,"column":2},"end":{"line":24,"column":3}},"6":{"start":{"line":11,"column":15},"end":{"line":11,"column":43}},"7":{"start":{"line":13,"column":21},"end":{"line":13,"column":36}},"8":{"start":{"line":15,"column":4},"end":{"line":19,"column":5}},"9":{"start":{"line":16,"column":6},"end":{"line":18,"column":66}},"10":{"start":{"line":21,"column":4},"end":{"line":21,"column":11}},"11":{"start":{"line":23,"column":4},"end":{"line":23,"column":63}},"12":{"start":{"line":27,"column":0},"end":{"line":27,"column":35}}},"fnMap":{"0":{"name":"(anonymous_0)","decl":{"start":{"line":3,"column":26},"end":{"line":3,"column":27}},"loc":{"start":{"line":3,"column":52},"end":{"line":25,"column":1}},"line":3}},"branchMap":{"0":{"loc":{"start":{"line":7,"column":2},"end":{"line":7,"column":28}},"type":"if","locations":[{"start":{"line":7,"column":2},"end":{"line":7,"column":28}},{"start":{"line":7,"column":2},"end":{"line":7,"column":28}}],"line":7},"1":{"loc":{"start":{"line":15,"column":4},"end":{"line":19,"column":5}},"type":"if","locations":[{"start":{"line":15,"column":4},"end":{"line":19,"column":5}},{"start":{"line":15,"column":4},"end":{"line":19,"column":5}}],"line":15}},"s":{"0":2,"1":2,"2":0,"3":0,"4":0,"5":0,"6":0,"7":0,"8":0,"9":0,"10":0,"11":0,"12":2},"f":{"0":0},"b":{"0":[0,0],"1":[0,0]},"_coverageSchema":"1a1c01bbd47fc00a2c39e90264f33305004495a9","hash":"db276211ac38743728ef815e3ca4e98c42c1ec57"}
,"/home/isaiah/dev/rap/back-end/api/routes/auth/middleware/index.js": {"path":"/home/isaiah/dev/rap/back-end/api/routes/auth/middleware/index.js","statementMap":{"0":{"start":{"line":1,"column":26},"end":{"line":1,"column":56}},"1":{"start":{"line":3,"column":0},"end":{"line":5,"column":2}}},"fnMap":{},"branchMap":{},"s":{"0":2,"1":2},"f":{},"b":{},"_coverageSchema":"1a1c01bbd47fc00a2c39e90264f33305004495a9","hash":"419a880d1401d71fcb2703b237e58899b219479e"}
,"/home/isaiah/dev/rap/back-end/api/routes/auth/utils/index.js": {"path":"/home/isaiah/dev/rap/back-end/api/routes/auth/utils/index.js","statementMap":{"0":{"start":{"line":1,"column":12},"end":{"line":1,"column":35}},"1":{"start":{"line":3,"column":18},"end":{"line":6,"column":4}},"2":{"start":{"line":4,"column":2},"end":{"line":6,"column":4}},"3":{"start":{"line":8,"column":0},"end":{"line":10,"column":2}}},"fnMap":{"0":{"name":"(anonymous_0)","decl":{"start":{"line":3,"column":18},"end":{"line":3,"column":19}},"loc":{"start":{"line":4,"column":2},"end":{"line":6,"column":4}},"line":4}},"branchMap":{},"s":{"0":2,"1":2,"2":2,"3":2},"f":{"0":2},"b":{},"_coverageSchema":"1a1c01bbd47fc00a2c39e90264f33305004495a9","hash":"1220e9ec0bd80d3f359c8940dc5c700e0348b9ed"}
,"/home/isaiah/dev/rap/back-end/api/routes/auth/validators/index.js": {"path":"/home/isaiah/dev/rap/back-end/api/routes/auth/validators/index.js","statementMap":{"0":{"start":{"line":1,"column":29},"end":{"line":1,"column":62}},"1":{"start":{"line":2,"column":22},"end":{"line":2,"column":48}},"2":{"start":{"line":4,"column":0},"end":{"line":7,"column":2}}},"fnMap":{},"branchMap":{},"s":{"0":2,"1":2,"2":2},"f":{},"b":{},"_coverageSchema":"1a1c01bbd47fc00a2c39e90264f33305004495a9","hash":"67184a7e62793ae5bc7352be015e09ac6011105c"}
,"/home/isaiah/dev/rap/back-end/api/routes/auth/validators/validateLogin.js": {"path":"/home/isaiah/dev/rap/back-end/api/routes/auth/validators/validateLogin.js","statementMap":{"0":{"start":{"line":1,"column":36},"end":{"line":1,"column":64}},"1":{"start":{"line":2,"column":13},"end":{"line":2,"column":45}},"2":{"start":{"line":4,"column":0},"end":{"line":36,"column":2}},"3":{"start":{"line":12,"column":19},"end":{"line":12,"column":40}},"4":{"start":{"line":13,"column":4},"end":{"line":14,"column":62}},"5":{"start":{"line":14,"column":6},"end":{"line":14,"column":62}},"6":{"start":{"line":16,"column":22},"end":{"line":16,"column":30}},"7":{"start":{"line":18,"column":4},"end":{"line":34,"column":5}},"8":{"start":{"line":20,"column":17},"end":{"line":20,"column":45}},"9":{"start":{"line":22,"column":23},"end":{"line":22,"column":38}},"10":{"start":{"line":24,"column":6},"end":{"line":27,"column":7}},"11":{"start":{"line":26,"column":8},"end":{"line":26,"column":80}},"12":{"start":{"line":29,"column":6},"end":{"line":29,"column":13}},"13":{"start":{"line":31,"column":6},"end":{"line":33,"column":9}}},"fnMap":{"0":{"name":"(anonymous_0)","decl":{"start":{"line":11,"column":2},"end":{"line":11,"column":3}},"loc":{"start":{"line":11,"column":28},"end":{"line":35,"column":3}},"line":11}},"branchMap":{"0":{"loc":{"start":{"line":13,"column":4},"end":{"line":14,"column":62}},"type":"if","locations":[{"start":{"line":13,"column":4},"end":{"line":14,"column":62}},{"start":{"line":13,"column":4},"end":{"line":14,"column":62}}],"line":13},"1":{"loc":{"start":{"line":24,"column":6},"end":{"line":27,"column":7}},"type":"if","locations":[{"start":{"line":24,"column":6},"end":{"line":27,"column":7}},{"start":{"line":24,"column":6},"end":{"line":27,"column":7}}],"line":24}},"s":{"0":2,"1":2,"2":2,"3":2,"4":2,"5":1,"6":1,"7":1,"8":1,"9":1,"10":1,"11":0,"12":1,"13":0},"f":{"0":2},"b":{"0":[1,1],"1":[0,1]},"_coverageSchema":"1a1c01bbd47fc00a2c39e90264f33305004495a9","hash":"73e522d12001d1719f16cd58ad6241e6e3bb7f22"}
,"/home/isaiah/dev/rap/back-end/api/routes/auth/validators/validateRegistration.js": {"path":"/home/isaiah/dev/rap/back-end/api/routes/auth/validators/validateRegistration.js","statementMap":{"0":{"start":{"line":1,"column":36},"end":{"line":1,"column":64}},"1":{"start":{"line":3,"column":13},"end":{"line":3,"column":45}},"2":{"start":{"line":5,"column":19},"end":{"line":5,"column":41}},"3":{"start":{"line":7,"column":0},"end":{"line":68,"column":2}},"4":{"start":{"line":31,"column":22},"end":{"line":31,"column":47}},"5":{"start":{"line":46,"column":19},"end":{"line":46,"column":40}},"6":{"start":{"line":47,"column":22},"end":{"line":47,"column":30}},"7":{"start":{"line":48,"column":4},"end":{"line":49,"column":62}},"8":{"start":{"line":49,"column":6},"end":{"line":49,"column":62}},"9":{"start":{"line":51,"column":4},"end":{"line":66,"column":5}},"10":{"start":{"line":53,"column":17},"end":{"line":53,"column":45}},"11":{"start":{"line":55,"column":23},"end":{"line":55,"column":38}},"12":{"start":{"line":57,"column":6},"end":{"line":61,"column":7}},"13":{"start":{"line":58,"column":8},"end":{"line":60,"column":68}},"14":{"start":{"line":63,"column":6},"end":{"line":63,"column":13}},"15":{"start":{"line":65,"column":6},"end":{"line":65,"column":65}}},"fnMap":{"0":{"name":"(anonymous_0)","decl":{"start":{"line":31,"column":12},"end":{"line":31,"column":13}},"loc":{"start":{"line":31,"column":22},"end":{"line":31,"column":47}},"line":31},"1":{"name":"(anonymous_1)","decl":{"start":{"line":45,"column":2},"end":{"line":45,"column":3}},"loc":{"start":{"line":45,"column":28},"end":{"line":67,"column":3}},"line":45}},"branchMap":{"0":{"loc":{"start":{"line":48,"column":4},"end":{"line":49,"column":62}},"type":"if","locations":[{"start":{"line":48,"column":4},"end":{"line":49,"column":62}},{"start":{"line":48,"column":4},"end":{"line":49,"column":62}}],"line":48},"1":{"loc":{"start":{"line":57,"column":6},"end":{"line":61,"column":7}},"type":"if","locations":[{"start":{"line":57,"column":6},"end":{"line":61,"column":7}},{"start":{"line":57,"column":6},"end":{"line":61,"column":7}}],"line":57}},"s":{"0":2,"1":2,"2":2,"3":2,"4":4,"5":4,"6":4,"7":4,"8":2,"9":2,"10":2,"11":2,"12":2,"13":1,"14":1,"15":0},"f":{"0":4,"1":4},"b":{"0":[2,2],"1":[1,1]},"_coverageSchema":"1a1c01bbd47fc00a2c39e90264f33305004495a9","hash":"8fdce42a18fe6d21374931fb5096e6ceb3f60a80"}
,"/home/isaiah/dev/rap/back-end/api/routes/dsService/dsModel.js": {"path":"/home/isaiah/dev/rap/back-end/api/routes/dsService/dsModel.js","statementMap":{"0":{"start":{"line":1,"column":14},"end":{"line":1,"column":30}},"1":{"start":{"line":2,"column":17},"end":{"line":2,"column":52}},"2":{"start":{"line":4,"column":17},"end":{"line":4,"column":39}},"3":{"start":{"line":6,"column":22},"end":{"line":6,"column":79}},"4":{"start":{"line":6,"column":38},"end":{"line":6,"column":79}},"5":{"start":{"line":8,"column":15},"end":{"line":8,"column":55}},"6":{"start":{"line":8,"column":26},"end":{"line":8,"column":55}},"7":{"start":{"line":10,"column":0},"end":{"line":10,"column":43}}},"fnMap":{"0":{"name":"(anonymous_0)","decl":{"start":{"line":6,"column":22},"end":{"line":6,"column":23}},"loc":{"start":{"line":6,"column":38},"end":{"line":6,"column":79}},"line":6},"1":{"name":"(anonymous_1)","decl":{"start":{"line":8,"column":15},"end":{"line":8,"column":16}},"loc":{"start":{"line":8,"column":26},"end":{"line":8,"column":55}},"line":8}},"branchMap":{},"s":{"0":2,"1":2,"2":2,"3":2,"4":0,"5":2,"6":0,"7":2},"f":{"0":0,"1":0},"b":{},"_coverageSchema":"1a1c01bbd47fc00a2c39e90264f33305004495a9","hash":"2dea7cedb5f56cb9e9e8e93a9b861ec938875d1f"}
,"/home/isaiah/dev/rap/back-end/api/routes/dsService/dsRouter.js": {"path":"/home/isaiah/dev/rap/back-end/api/routes/dsService/dsRouter.js","statementMap":{"0":{"start":{"line":1,"column":16},"end":{"line":1,"column":34}},"1":{"start":{"line":3,"column":15},"end":{"line":3,"column":31}},"2":{"start":{"line":4,"column":16},"end":{"line":4,"column":36}},"3":{"start":{"line":5,"column":21},"end":{"line":5,"column":61}},"4":{"start":{"line":64,"column":0},"end":{"line":78,"column":3}},"5":{"start":{"line":65,"column":13},"end":{"line":65,"column":34}},"6":{"start":{"line":66,"column":13},"end":{"line":66,"column":34}},"7":{"start":{"line":67,"column":13},"end":{"line":67,"column":34}},"8":{"start":{"line":69,"column":2},"end":{"line":77,"column":7}},"9":{"start":{"line":72,"column":6},"end":{"line":72,"column":42}},"10":{"start":{"line":75,"column":6},"end":{"line":75,"column":27}},"11":{"start":{"line":76,"column":6},"end":{"line":76,"column":34}},"12":{"start":{"line":107,"column":0},"end":{"line":119,"column":3}},"13":{"start":{"line":108,"column":16},"end":{"line":108,"column":40}},"14":{"start":{"line":110,"column":2},"end":{"line":118,"column":7}},"15":{"start":{"line":113,"column":6},"end":{"line":113,"column":42}},"16":{"start":{"line":116,"column":6},"end":{"line":116,"column":27}},"17":{"start":{"line":117,"column":6},"end":{"line":117,"column":34}},"18":{"start":{"line":121,"column":0},"end":{"line":121,"column":24}}},"fnMap":{"0":{"name":"(anonymous_0)","decl":{"start":{"line":64,"column":48},"end":{"line":64,"column":49}},"loc":{"start":{"line":64,"column":62},"end":{"line":78,"column":1}},"line":64},"1":{"name":"(anonymous_1)","decl":{"start":{"line":71,"column":10},"end":{"line":71,"column":11}},"loc":{"start":{"line":71,"column":24},"end":{"line":73,"column":5}},"line":71},"2":{"name":"(anonymous_2)","decl":{"start":{"line":74,"column":11},"end":{"line":74,"column":12}},"loc":{"start":{"line":74,"column":22},"end":{"line":77,"column":5}},"line":74},"3":{"name":"(anonymous_3)","decl":{"start":{"line":107,"column":40},"end":{"line":107,"column":41}},"loc":{"start":{"line":107,"column":54},"end":{"line":119,"column":1}},"line":107},"4":{"name":"(anonymous_4)","decl":{"start":{"line":112,"column":10},"end":{"line":112,"column":11}},"loc":{"start":{"line":112,"column":24},"end":{"line":114,"column":5}},"line":112},"5":{"name":"(anonymous_5)","decl":{"start":{"line":115,"column":11},"end":{"line":115,"column":12}},"loc":{"start":{"line":115,"column":22},"end":{"line":118,"column":5}},"line":115}},"branchMap":{},"s":{"0":2,"1":2,"2":2,"3":2,"4":2,"5":0,"6":0,"7":0,"8":0,"9":0,"10":0,"11":0,"12":2,"13":0,"14":0,"15":0,"16":0,"17":0,"18":2},"f":{"0":0,"1":0,"2":0,"3":0,"4":0,"5":0},"b":{},"_coverageSchema":"1a1c01bbd47fc00a2c39e90264f33305004495a9","hash":"e47fa35927a0df32907377c697251c26a0c185a1"}
,"/home/isaiah/dev/rap/back-end/api/routes/index/indexRouter.js": {"path":"/home/isaiah/dev/rap/back-end/api/routes/index/indexRouter.js","statementMap":{"0":{"start":{"line":1,"column":16},"end":{"line":1,"column":34}},"1":{"start":{"line":3,"column":15},"end":{"line":3,"column":31}},"2":{"start":{"line":28,"column":0},"end":{"line":30,"column":3}},"3":{"start":{"line":29,"column":2},"end":{"line":29,"column":61}},"4":{"start":{"line":32,"column":0},"end":{"line":32,"column":24}}},"fnMap":{"0":{"name":"(anonymous_0)","decl":{"start":{"line":28,"column":16},"end":{"line":28,"column":17}},"loc":{"start":{"line":28,"column":30},"end":{"line":30,"column":1}},"line":28}},"branchMap":{},"s":{"0":2,"1":2,"2":2,"3":1,"4":2},"f":{"0":1},"b":{},"_coverageSchema":"1a1c01bbd47fc00a2c39e90264f33305004495a9","hash":"3f85627a07d777c34a55f706f08067bd4fb3f3f6"}
,"/home/isaiah/dev/rap/back-end/api/routes/organizations/org-model.js": {"path":"/home/isaiah/dev/rap/back-end/api/routes/organizations/org-model.js","statementMap":{"0":{"start":{"line":1,"column":11},"end":{"line":1,"column":45}},"1":{"start":{"line":3,"column":16},"end":{"line":5,"column":1}},"2":{"start":{"line":4,"column":2},"end":{"line":4,"column":29}},"3":{"start":{"line":7,"column":17},"end":{"line":9,"column":1}},"4":{"start":{"line":8,"column":2},"end":{"line":8,"column":53}},"5":{"start":{"line":11,"column":15},"end":{"line":13,"column":1}},"6":{"start":{"line":12,"column":2},"end":{"line":12,"column":47}},"7":{"start":{"line":15,"column":15},"end":{"line":17,"column":1}},"8":{"start":{"line":16,"column":2},"end":{"line":16,"column":56}},"9":{"start":{"line":19,"column":15},"end":{"line":21,"column":1}},"10":{"start":{"line":20,"column":2},"end":{"line":20,"column":57}},"11":{"start":{"line":23,"column":15},"end":{"line":25,"column":1}},"12":{"start":{"line":24,"column":2},"end":{"line":24,"column":51}},"13":{"start":{"line":27,"column":0},"end":{"line":34,"column":2}}},"fnMap":{"0":{"name":"(anonymous_0)","decl":{"start":{"line":3,"column":16},"end":{"line":3,"column":17}},"loc":{"start":{"line":3,"column":22},"end":{"line":5,"column":1}},"line":3},"1":{"name":"(anonymous_1)","decl":{"start":{"line":7,"column":17},"end":{"line":7,"column":18}},"loc":{"start":{"line":7,"column":25},"end":{"line":9,"column":1}},"line":7},"2":{"name":"(anonymous_2)","decl":{"start":{"line":11,"column":15},"end":{"line":11,"column":16}},"loc":{"start":{"line":11,"column":25},"end":{"line":13,"column":1}},"line":11},"3":{"name":"(anonymous_3)","decl":{"start":{"line":15,"column":15},"end":{"line":15,"column":16}},"loc":{"start":{"line":15,"column":24},"end":{"line":17,"column":1}},"line":15},"4":{"name":"(anonymous_4)","decl":{"start":{"line":19,"column":15},"end":{"line":19,"column":16}},"loc":{"start":{"line":19,"column":28},"end":{"line":21,"column":1}},"line":19},"5":{"name":"(anonymous_5)","decl":{"start":{"line":23,"column":15},"end":{"line":23,"column":16}},"loc":{"start":{"line":23,"column":23},"end":{"line":25,"column":1}},"line":23}},"branchMap":{},"s":{"0":2,"1":2,"2":0,"3":2,"4":0,"5":2,"6":0,"7":2,"8":0,"9":2,"10":0,"11":2,"12":0,"13":2},"f":{"0":0,"1":0,"2":0,"3":0,"4":0,"5":0},"b":{},"_coverageSchema":"1a1c01bbd47fc00a2c39e90264f33305004495a9","hash":"e7d8dfa8f40cf094903d565fb393c2c5bfe98d80"}
,"/home/isaiah/dev/rap/back-end/api/routes/organizations/org-router.js": {"path":"/home/isaiah/dev/rap/back-end/api/routes/organizations/org-router.js","statementMap":{"0":{"start":{"line":1,"column":16},"end":{"line":1,"column":34}},"1":{"start":{"line":2,"column":21},"end":{"line":2,"column":61}},"2":{"start":{"line":4,"column":12},"end":{"line":4,"column":34}},"3":{"start":{"line":5,"column":15},"end":{"line":5,"column":31}},"4":{"start":{"line":6,"column":19},"end":{"line":6,"column":57}},"5":{"start":{"line":8,"column":0},"end":{"line":15,"column":3}},"6":{"start":{"line":9,"column":2},"end":{"line":14,"column":3}},"7":{"start":{"line":10,"column":17},"end":{"line":10,"column":36}},"8":{"start":{"line":11,"column":4},"end":{"line":11,"column":31}},"9":{"start":{"line":13,"column":4},"end":{"line":13,"column":48}},"10":{"start":{"line":17,"column":0},"end":{"line":25,"column":3}},"11":{"start":{"line":18,"column":17},"end":{"line":18,"column":27}},"12":{"start":{"line":19,"column":2},"end":{"line":24,"column":3}},"13":{"start":{"line":20,"column":16},"end":{"line":20,"column":38}},"14":{"start":{"line":21,"column":4},"end":{"line":21,"column":30}},"15":{"start":{"line":23,"column":4},"end":{"line":23,"column":48}},"16":{"start":{"line":27,"column":0},"end":{"line":35,"column":3}},"17":{"start":{"line":28,"column":20},"end":{"line":28,"column":28}},"18":{"start":{"line":29,"column":2},"end":{"line":34,"column":3}},"19":{"start":{"line":30,"column":19},"end":{"line":30,"column":46}},"20":{"start":{"line":31,"column":4},"end":{"line":31,"column":33}},"21":{"start":{"line":33,"column":4},"end":{"line":33,"column":48}},"22":{"start":{"line":37,"column":0},"end":{"line":46,"column":3}},"23":{"start":{"line":38,"column":17},"end":{"line":38,"column":27}},"24":{"start":{"line":39,"column":21},"end":{"line":39,"column":29}},"25":{"start":{"line":40,"column":2},"end":{"line":45,"column":3}},"26":{"start":{"line":41,"column":17},"end":{"line":41,"column":49}},"27":{"start":{"line":42,"column":4},"end":{"line":42,"column":79}},"28":{"start":{"line":44,"column":4},"end":{"line":44,"column":48}},"29":{"start":{"line":48,"column":0},"end":{"line":56,"column":3}},"30":{"start":{"line":49,"column":17},"end":{"line":49,"column":27}},"31":{"start":{"line":50,"column":2},"end":{"line":55,"column":3}},"32":{"start":{"line":51,"column":4},"end":{"line":51,"column":25}},"33":{"start":{"line":52,"column":4},"end":{"line":52,"column":62}},"34":{"start":{"line":54,"column":4},"end":{"line":54,"column":48}},"35":{"start":{"line":57,"column":0},"end":{"line":57,"column":24}}},"fnMap":{"0":{"name":"(anonymous_0)","decl":{"start":{"line":8,"column":51},"end":{"line":8,"column":52}},"loc":{"start":{"line":8,"column":71},"end":{"line":15,"column":1}},"line":8},"1":{"name":"(anonymous_1)","decl":{"start":{"line":17,"column":54},"end":{"line":17,"column":55}},"loc":{"start":{"line":17,"column":74},"end":{"line":25,"column":1}},"line":17},"2":{"name":"(anonymous_2)","decl":{"start":{"line":27,"column":52},"end":{"line":27,"column":53}},"loc":{"start":{"line":27,"column":72},"end":{"line":35,"column":1}},"line":27},"3":{"name":"(anonymous_3)","decl":{"start":{"line":37,"column":54},"end":{"line":37,"column":55}},"loc":{"start":{"line":37,"column":74},"end":{"line":46,"column":1}},"line":37},"4":{"name":"(anonymous_4)","decl":{"start":{"line":48,"column":57},"end":{"line":48,"column":58}},"loc":{"start":{"line":48,"column":77},"end":{"line":56,"column":1}},"line":48}},"branchMap":{},"s":{"0":2,"1":2,"2":2,"3":2,"4":2,"5":2,"6":0,"7":0,"8":0,"9":0,"10":2,"11":0,"12":0,"13":0,"14":0,"15":0,"16":2,"17":0,"18":0,"19":0,"20":0,"21":0,"22":2,"23":0,"24":0,"25":0,"26":0,"27":0,"28":0,"29":2,"30":0,"31":0,"32":0,"33":0,"34":0,"35":2},"f":{"0":0,"1":0,"2":0,"3":0,"4":0},"b":{},"_coverageSchema":"1a1c01bbd47fc00a2c39e90264f33305004495a9","hash":"17f29b73f613190e9fe627e163f5357b6766a71a"}
,"/home/isaiah/dev/rap/back-end/api/routes/users/userModel.js": {"path":"/home/isaiah/dev/rap/back-end/api/routes/users/userModel.js","statementMap":{"0":{"start":{"line":1,"column":11},"end":{"line":1,"column":45}},"1":{"start":{"line":2,"column":15},"end":{"line":2,"column":34}},"2":{"start":{"line":4,"column":16},"end":{"line":26,"column":6}},"3":{"start":{"line":5,"column":2},"end":{"line":26,"column":6}},"4":{"start":{"line":23,"column":6},"end":{"line":25,"column":7}},"5":{"start":{"line":24,"column":8},"end":{"line":24,"column":51}},"6":{"start":{"line":28,"column":15},"end":{"line":28,"column":64}},"7":{"start":{"line":28,"column":33},"end":{"line":28,"column":64}},"8":{"start":{"line":30,"column":17},"end":{"line":30,"column":67}},"9":{"start":{"line":30,"column":31},"end":{"line":30,"column":67}},"10":{"start":{"line":32,"column":26},"end":{"line":33,"column":64}},"11":{"start":{"line":33,"column":2},"end":{"line":33,"column":64}},"12":{"start":{"line":35,"column":28},"end":{"line":44,"column":5}},"13":{"start":{"line":36,"column":2},"end":{"line":44,"column":5}},"14":{"start":{"line":46,"column":28},"end":{"line":50,"column":1}},"15":{"start":{"line":47,"column":2},"end":{"line":49,"column":3}},"16":{"start":{"line":48,"column":18},"end":{"line":48,"column":65}},"17":{"start":{"line":52,"column":26},"end":{"line":53,"column":79}},"18":{"start":{"line":53,"column":2},"end":{"line":53,"column":79}},"19":{"start":{"line":55,"column":21},"end":{"line":55,"column":70}},"20":{"start":{"line":55,"column":40},"end":{"line":55,"column":70}},"21":{"start":{"line":57,"column":15},"end":{"line":69,"column":1}},"22":{"start":{"line":60,"column":19},"end":{"line":60,"column":66}},"23":{"start":{"line":62,"column":2},"end":{"line":62,"column":39}},"24":{"start":{"line":66,"column":2},"end":{"line":66,"column":61}},"25":{"start":{"line":68,"column":2},"end":{"line":68,"column":49}},"26":{"start":{"line":71,"column":15},"end":{"line":74,"column":1}},"27":{"start":{"line":72,"column":2},"end":{"line":72,"column":23}},"28":{"start":{"line":73,"column":2},"end":{"line":73,"column":74}},"29":{"start":{"line":76,"column":15},"end":{"line":76,"column":66}},"30":{"start":{"line":76,"column":29},"end":{"line":76,"column":66}},"31":{"start":{"line":78,"column":28},"end":{"line":93,"column":1}},"32":{"start":{"line":79,"column":23},"end":{"line":79,"column":79}},"33":{"start":{"line":79,"column":71},"end":{"line":79,"column":78}},"34":{"start":{"line":80,"column":2},"end":{"line":82,"column":3}},"35":{"start":{"line":81,"column":4},"end":{"line":81,"column":24}},"36":{"start":{"line":86,"column":19},"end":{"line":86,"column":66}},"37":{"start":{"line":88,"column":2},"end":{"line":88,"column":45}},"38":{"start":{"line":90,"column":2},"end":{"line":92,"column":4}},"39":{"start":{"line":91,"column":4},"end":{"line":91,"column":43}},"40":{"start":{"line":95,"column":0},"end":{"line":108,"column":2}}},"fnMap":{"0":{"name":"(anonymous_0)","decl":{"start":{"line":4,"column":16},"end":{"line":4,"column":17}},"loc":{"start":{"line":5,"column":2},"end":{"line":26,"column":6}},"line":5},"1":{"name":"(anonymous_1)","decl":{"start":{"line":22,"column":12},"end":{"line":22,"column":13}},"loc":{"start":{"line":22,"column":20},"end":{"line":26,"column":5}},"line":22},"2":{"name":"(anonymous_2)","decl":{"start":{"line":28,"column":15},"end":{"line":28,"column":16}},"loc":{"start":{"line":28,"column":33},"end":{"line":28,"column":64}},"line":28},"3":{"name":"(anonymous_3)","decl":{"start":{"line":30,"column":17},"end":{"line":30,"column":18}},"loc":{"start":{"line":30,"column":31},"end":{"line":30,"column":67}},"line":30},"4":{"name":"(anonymous_4)","decl":{"start":{"line":32,"column":26},"end":{"line":32,"column":27}},"loc":{"start":{"line":33,"column":2},"end":{"line":33,"column":64}},"line":33},"5":{"name":"(anonymous_5)","decl":{"start":{"line":35,"column":28},"end":{"line":35,"column":29}},"loc":{"start":{"line":36,"column":2},"end":{"line":44,"column":5}},"line":36},"6":{"name":"(anonymous_6)","decl":{"start":{"line":46,"column":28},"end":{"line":46,"column":29}},"loc":{"start":{"line":46,"column":44},"end":{"line":50,"column":1}},"line":46},"7":{"name":"(anonymous_7)","decl":{"start":{"line":52,"column":26},"end":{"line":52,"column":27}},"loc":{"start":{"line":53,"column":2},"end":{"line":53,"column":79}},"line":53},"8":{"name":"(anonymous_8)","decl":{"start":{"line":55,"column":21},"end":{"line":55,"column":22}},"loc":{"start":{"line":55,"column":40},"end":{"line":55,"column":70}},"line":55},"9":{"name":"(anonymous_9)","decl":{"start":{"line":57,"column":15},"end":{"line":57,"column":16}},"loc":{"start":{"line":57,"column":31},"end":{"line":69,"column":1}},"line":57},"10":{"name":"(anonymous_10)","decl":{"start":{"line":71,"column":15},"end":{"line":71,"column":16}},"loc":{"start":{"line":71,"column":32},"end":{"line":74,"column":1}},"line":71},"11":{"name":"(anonymous_11)","decl":{"start":{"line":76,"column":15},"end":{"line":76,"column":16}},"loc":{"start":{"line":76,"column":29},"end":{"line":76,"column":66}},"line":76},"12":{"name":"(anonymous_12)","decl":{"start":{"line":78,"column":28},"end":{"line":78,"column":29}},"loc":{"start":{"line":78,"column":50},"end":{"line":93,"column":1}},"line":78},"13":{"name":"(anonymous_13)","decl":{"start":{"line":79,"column":58},"end":{"line":79,"column":59}},"loc":{"start":{"line":79,"column":71},"end":{"line":79,"column":78}},"line":79},"14":{"name":"(anonymous_14)","decl":{"start":{"line":90,"column":39},"end":{"line":90,"column":40}},"loc":{"start":{"line":91,"column":4},"end":{"line":91,"column":43}},"line":91}},"branchMap":{"0":{"loc":{"start":{"line":4,"column":23},"end":{"line":4,"column":33}},"type":"default-arg","locations":[{"start":{"line":4,"column":31},"end":{"line":4,"column":33}}],"line":4},"1":{"loc":{"start":{"line":23,"column":6},"end":{"line":25,"column":7}},"type":"if","locations":[{"start":{"line":23,"column":6},"end":{"line":25,"column":7}},{"start":{"line":23,"column":6},"end":{"line":25,"column":7}}],"line":23},"2":{"loc":{"start":{"line":47,"column":2},"end":{"line":49,"column":3}},"type":"if","locations":[{"start":{"line":47,"column":2},"end":{"line":49,"column":3}},{"start":{"line":47,"column":2},"end":{"line":49,"column":3}}],"line":47},"3":{"loc":{"start":{"line":80,"column":2},"end":{"line":82,"column":3}},"type":"if","locations":[{"start":{"line":80,"column":2},"end":{"line":82,"column":3}},{"start":{"line":80,"column":2},"end":{"line":82,"column":3}}],"line":80},"4":{"loc":{"start":{"line":91,"column":4},"end":{"line":91,"column":43}},"type":"cond-expr","locations":[{"start":{"line":91,"column":17},"end":{"line":91,"column":30}},{"start":{"line":91,"column":33},"end":{"line":91,"column":43}}],"line":91}},"s":{"0":3,"1":3,"2":3,"3":0,"4":0,"5":0,"6":3,"7":4,"8":3,"9":0,"10":3,"11":0,"12":3,"13":0,"14":3,"15":0,"16":0,"17":3,"18":0,"19":3,"20":0,"21":3,"22":1,"23":1,"24":1,"25":1,"26":3,"27":0,"28":0,"29":3,"30":0,"31":3,"32":0,"33":0,"34":0,"35":0,"36":0,"37":0,"38":0,"39":0,"40":3},"f":{"0":0,"1":0,"2":4,"3":0,"4":0,"5":0,"6":0,"7":0,"8":0,"9":1,"10":0,"11":0,"12":0,"13":0,"14":0},"b":{"0":[0],"1":[0,0],"2":[0,0],"3":[0,0],"4":[0,0]},"_coverageSchema":"1a1c01bbd47fc00a2c39e90264f33305004495a9","hash":"1e8f0fce7a6f68a019cb03b0beb3149e1e37b377"}
,"/home/isaiah/dev/rap/back-end/api/routes/users/userRouter.js": {"path":"/home/isaiah/dev/rap/back-end/api/routes/users/userRouter.js","statementMap":{"0":{"start":{"line":1,"column":16},"end":{"line":1,"column":34}},"1":{"start":{"line":2,"column":21},"end":{"line":2,"column":61}},"2":{"start":{"line":3,"column":14},"end":{"line":3,"column":36}},"3":{"start":{"line":4,"column":15},"end":{"line":4,"column":31}},"4":{"start":{"line":5,"column":19},"end":{"line":5,"column":57}},"5":{"start":{"line":140,"column":0},"end":{"line":145,"column":3}},"6":{"start":{"line":141,"column":19},"end":{"line":141,"column":22}},"7":{"start":{"line":142,"column":2},"end":{"line":144,"column":5}},"8":{"start":{"line":186,"column":0},"end":{"line":207,"column":3}},"9":{"start":{"line":187,"column":17},"end":{"line":187,"column":25}},"10":{"start":{"line":189,"column":13},"end":{"line":189,"column":29}},"11":{"start":{"line":193,"column":2},"end":{"line":195,"column":3}},"12":{"start":{"line":194,"column":4},"end":{"line":194,"column":33}},"13":{"start":{"line":197,"column":16},"end":{"line":197,"column":24}},"14":{"start":{"line":199,"column":2},"end":{"line":206,"column":3}},"15":{"start":{"line":200,"column":22},"end":{"line":200,"column":64}},"16":{"start":{"line":202,"column":4},"end":{"line":202,"column":51}},"17":{"start":{"line":204,"column":4},"end":{"line":204,"column":23}},"18":{"start":{"line":205,"column":4},"end":{"line":205,"column":63}},"19":{"start":{"line":235,"column":0},"end":{"line":252,"column":3}},"20":{"start":{"line":236,"column":15},"end":{"line":236,"column":23}},"21":{"start":{"line":239,"column":2},"end":{"line":239,"column":29}},"22":{"start":{"line":241,"column":16},"end":{"line":241,"column":24}},"23":{"start":{"line":243,"column":2},"end":{"line":251,"column":3}},"24":{"start":{"line":244,"column":15},"end":{"line":244,"column":39}},"25":{"start":{"line":246,"column":25},"end":{"line":246,"column":79}},"26":{"start":{"line":248,"column":4},"end":{"line":248,"column":57}},"27":{"start":{"line":250,"column":4},"end":{"line":250,"column":53}},"28":{"start":{"line":306,"column":0},"end":{"line":314,"column":3}},"29":{"start":{"line":307,"column":2},"end":{"line":313,"column":3}},"30":{"start":{"line":308,"column":16},"end":{"line":308,"column":37}},"31":{"start":{"line":309,"column":4},"end":{"line":309,"column":23}},"32":{"start":{"line":310,"column":4},"end":{"line":310,"column":32}},"33":{"start":{"line":312,"column":4},"end":{"line":312,"column":53}},"34":{"start":{"line":355,"column":0},"end":{"line":368,"column":2}},"35":{"start":{"line":360,"column":4},"end":{"line":366,"column":5}},"36":{"start":{"line":361,"column":18},"end":{"line":361,"column":71}},"37":{"start":{"line":363,"column":6},"end":{"line":363,"column":34}},"38":{"start":{"line":365,"column":6},"end":{"line":365,"column":55}},"39":{"start":{"line":399,"column":0},"end":{"line":419,"column":3}},"40":{"start":{"line":400,"column":2},"end":{"line":418,"column":3}},"41":{"start":{"line":403,"column":20},"end":{"line":403,"column":48}},"42":{"start":{"line":407,"column":4},"end":{"line":407,"column":39}},"43":{"start":{"line":411,"column":4},"end":{"line":413,"column":7}},"44":{"start":{"line":415,"column":4},"end":{"line":417,"column":7}},"45":{"start":{"line":460,"column":0},"end":{"line":473,"column":3}},"46":{"start":{"line":461,"column":13},"end":{"line":461,"column":34}},"47":{"start":{"line":462,"column":2},"end":{"line":472,"column":7}},"48":{"start":{"line":464,"column":6},"end":{"line":468,"column":7}},"49":{"start":{"line":465,"column":8},"end":{"line":465,"column":38}},"50":{"start":{"line":467,"column":8},"end":{"line":467,"column":59}},"51":{"start":{"line":471,"column":6},"end":{"line":471,"column":51}},"52":{"start":{"line":508,"column":0},"end":{"line":521,"column":2}},"53":{"start":{"line":513,"column":17},"end":{"line":513,"column":27}},"54":{"start":{"line":514,"column":4},"end":{"line":519,"column":5}},"55":{"start":{"line":515,"column":20},"end":{"line":515,"column":55}},"56":{"start":{"line":516,"column":6},"end":{"line":516,"column":52}},"57":{"start":{"line":518,"column":6},"end":{"line":518,"column":55}},"58":{"start":{"line":551,"column":0},"end":{"line":576,"column":2}},"59":{"start":{"line":556,"column":17},"end":{"line":556,"column":27}},"60":{"start":{"line":559,"column":4},"end":{"line":559,"column":31}},"61":{"start":{"line":561,"column":18},"end":{"line":561,"column":26}},"62":{"start":{"line":563,"column":4},"end":{"line":574,"column":5}},"63":{"start":{"line":564,"column":17},"end":{"line":564,"column":41}},"64":{"start":{"line":566,"column":27},"end":{"line":569,"column":7}},"65":{"start":{"line":571,"column":6},"end":{"line":571,"column":59}},"66":{"start":{"line":573,"column":6},"end":{"line":573,"column":55}},"67":{"start":{"line":606,"column":0},"end":{"line":616,"column":3}},"68":{"start":{"line":607,"column":18},"end":{"line":607,"column":26}},"69":{"start":{"line":608,"column":17},"end":{"line":608,"column":27}},"70":{"start":{"line":610,"column":2},"end":{"line":615,"column":3}},"71":{"start":{"line":611,"column":24},"end":{"line":611,"column":66}},"72":{"start":{"line":612,"column":4},"end":{"line":612,"column":51}},"73":{"start":{"line":614,"column":4},"end":{"line":614,"column":64}},"74":{"start":{"line":646,"column":0},"end":{"line":662,"column":3}},"75":{"start":{"line":647,"column":17},"end":{"line":647,"column":27}},"76":{"start":{"line":648,"column":2},"end":{"line":661,"column":3}},"77":{"start":{"line":649,"column":4},"end":{"line":655,"column":7}},"78":{"start":{"line":650,"column":6},"end":{"line":654,"column":9}},"79":{"start":{"line":651,"column":8},"end":{"line":653,"column":70}},"80":{"start":{"line":657,"column":4},"end":{"line":660,"column":7}},"81":{"start":{"line":664,"column":0},"end":{"line":664,"column":24}}},"fnMap":{"0":{"name":"(anonymous_0)","decl":{"start":{"line":140,"column":32},"end":{"line":140,"column":33}},"loc":{"start":{"line":140,"column":46},"end":{"line":145,"column":1}},"line":140},"1":{"name":"(anonymous_1)","decl":{"start":{"line":186,"column":32},"end":{"line":186,"column":33}},"loc":{"start":{"line":186,"column":52},"end":{"line":207,"column":1}},"line":186},"2":{"name":"(anonymous_2)","decl":{"start":{"line":235,"column":40},"end":{"line":235,"column":41}},"loc":{"start":{"line":235,"column":60},"end":{"line":252,"column":1}},"line":235},"3":{"name":"(anonymous_3)","decl":{"start":{"line":306,"column":51},"end":{"line":306,"column":52}},"loc":{"start":{"line":306,"column":71},"end":{"line":314,"column":1}},"line":306},"4":{"name":"(anonymous_4)","decl":{"start":{"line":359,"column":2},"end":{"line":359,"column":3}},"loc":{"start":{"line":359,"column":22},"end":{"line":367,"column":3}},"line":359},"5":{"name":"(anonymous_5)","decl":{"start":{"line":399,"column":52},"end":{"line":399,"column":53}},"loc":{"start":{"line":399,"column":72},"end":{"line":419,"column":1}},"line":399},"6":{"name":"(anonymous_6)","decl":{"start":{"line":460,"column":54},"end":{"line":460,"column":55}},"loc":{"start":{"line":460,"column":68},"end":{"line":473,"column":1}},"line":460},"7":{"name":"(anonymous_7)","decl":{"start":{"line":463,"column":10},"end":{"line":463,"column":11}},"loc":{"start":{"line":463,"column":23},"end":{"line":469,"column":5}},"line":463},"8":{"name":"(anonymous_8)","decl":{"start":{"line":470,"column":11},"end":{"line":470,"column":12}},"loc":{"start":{"line":470,"column":20},"end":{"line":472,"column":5}},"line":470},"9":{"name":"(anonymous_9)","decl":{"start":{"line":512,"column":2},"end":{"line":512,"column":3}},"loc":{"start":{"line":512,"column":22},"end":{"line":520,"column":3}},"line":512},"10":{"name":"(anonymous_10)","decl":{"start":{"line":555,"column":2},"end":{"line":555,"column":3}},"loc":{"start":{"line":555,"column":22},"end":{"line":575,"column":3}},"line":555},"11":{"name":"(anonymous_11)","decl":{"start":{"line":606,"column":54},"end":{"line":606,"column":55}},"loc":{"start":{"line":606,"column":74},"end":{"line":616,"column":1}},"line":606},"12":{"name":"(anonymous_12)","decl":{"start":{"line":646,"column":43},"end":{"line":646,"column":44}},"loc":{"start":{"line":646,"column":57},"end":{"line":662,"column":1}},"line":646},"13":{"name":"(anonymous_13)","decl":{"start":{"line":649,"column":28},"end":{"line":649,"column":29}},"loc":{"start":{"line":649,"column":41},"end":{"line":655,"column":5}},"line":649},"14":{"name":"(anonymous_14)","decl":{"start":{"line":650,"column":36},"end":{"line":650,"column":37}},"loc":{"start":{"line":650,"column":42},"end":{"line":654,"column":7}},"line":650}},"branchMap":{"0":{"loc":{"start":{"line":193,"column":2},"end":{"line":195,"column":3}},"type":"if","locations":[{"start":{"line":193,"column":2},"end":{"line":195,"column":3}},{"start":{"line":193,"column":2},"end":{"line":195,"column":3}}],"line":193},"1":{"loc":{"start":{"line":193,"column":6},"end":{"line":193,"column":49}},"type":"binary-expr","locations":[{"start":{"line":193,"column":6},"end":{"line":193,"column":21}},{"start":{"line":193,"column":25},"end":{"line":193,"column":49}}],"line":193},"2":{"loc":{"start":{"line":464,"column":6},"end":{"line":468,"column":7}},"type":"if","locations":[{"start":{"line":464,"column":6},"end":{"line":468,"column":7}},{"start":{"line":464,"column":6},"end":{"line":468,"column":7}}],"line":464}},"s":{"0":3,"1":3,"2":3,"3":3,"4":3,"5":3,"6":0,"7":0,"8":3,"9":0,"10":0,"11":0,"12":0,"13":0,"14":0,"15":0,"16":0,"17":0,"18":0,"19":3,"20":0,"21":0,"22":0,"23":0,"24":0,"25":0,"26":0,"27":0,"28":3,"29":0,"30":0,"31":0,"32":0,"33":0,"34":3,"35":0,"36":0,"37":0,"38":0,"39":3,"40":0,"41":0,"42":0,"43":0,"44":0,"45":3,"46":0,"47":0,"48":0,"49":0,"50":0,"51":0,"52":3,"53":0,"54":0,"55":0,"56":0,"57":0,"58":3,"59":0,"60":0,"61":0,"62":0,"63":0,"64":0,"65":0,"66":0,"67":3,"68":0,"69":0,"70":0,"71":0,"72":0,"73":0,"74":3,"75":0,"76":0,"77":0,"78":0,"79":0,"80":0,"81":3},"f":{"0":0,"1":0,"2":0,"3":0,"4":0,"5":0,"6":0,"7":0,"8":0,"9":0,"10":0,"11":0,"12":0,"13":0,"14":0},"b":{"0":[0,0],"1":[0,0],"2":[0,0]},"_coverageSchema":"1a1c01bbd47fc00a2c39e90264f33305004495a9","hash":"cd4bc67d7d19cc08eb35e5bcecab0de7a606be17"}
,"/home/isaiah/dev/rap/back-end/config/dsConfig.js": {"path":"/home/isaiah/dev/rap/back-end/config/dsConfig.js","statementMap":{"0":{"start":{"line":1,"column":15},"end":{"line":1,"column":32}},"1":{"start":{"line":3,"column":0},"end":{"line":3,"column":35}},"2":{"start":{"line":5,"column":0},"end":{"line":10,"column":2}}},"fnMap":{},"branchMap":{},"s":{"0":2,"1":2,"2":2},"f":{},"b":{},"_coverageSchema":"1a1c01bbd47fc00a2c39e90264f33305004495a9","hash":"f6bbf268cc078a301617ad234dc3c9da780916c2"}
,"/home/isaiah/dev/rap/back-end/config/jsdoc.js": {"path":"/home/isaiah/dev/rap/back-end/config/jsdoc.js","statementMap":{"0":{"start":{"line":1,"column":0},"end":{"line":68,"column":2}}},"fnMap":{},"branchMap":{},"s":{"0":2},"f":{},"b":{},"_coverageSchema":"1a1c01bbd47fc00a2c39e90264f33305004495a9","hash":"64f9fb6119313a78ffad380d4b8de1b9ad094ec5"}
,"/home/isaiah/dev/rap/back-end/config/knexfile.js": {"path":"/home/isaiah/dev/rap/back-end/config/knexfile.js","statementMap":{"0":{"start":{"line":1,"column":15},"end":{"line":1,"column":32}},"1":{"start":{"line":3,"column":11},"end":{"line":3,"column":26}},"2":{"start":{"line":5,"column":0},"end":{"line":5,"column":35}},"3":{"start":{"line":7,"column":0},"end":{"line":32,"column":2}}},"fnMap":{},"branchMap":{},"s":{"0":3,"1":3,"2":3,"3":3},"f":{},"b":{},"_coverageSchema":"1a1c01bbd47fc00a2c39e90264f33305004495a9","hash":"b102bdc34ce6be3e8e16f1befa824aff151798bb"}
,"/home/isaiah/dev/rap/back-end/data/db-config.js": {"path":"/home/isaiah/dev/rap/back-end/data/db-config.js","statementMap":{"0":{"start":{"line":1,"column":0},"end":{"line":1,"column":27}},"1":{"start":{"line":2,"column":13},"end":{"line":2,"column":28}},"2":{"start":{"line":4,"column":22},"end":{"line":4,"column":59}},"3":{"start":{"line":5,"column":19},"end":{"line":5,"column":63}},"4":{"start":{"line":7,"column":0},"end":{"line":7,"column":34}}},"fnMap":{},"branchMap":{"0":{"loc":{"start":{"line":4,"column":22},"end":{"line":4,"column":59}},"type":"binary-expr","locations":[{"start":{"line":4,"column":22},"end":{"line":4,"column":42}},{"start":{"line":4,"column":46},"end":{"line":4,"column":59}}],"line":4}},"s":{"0":3,"1":3,"2":3,"3":3,"4":3},"f":{},"b":{"0":[3,0]},"_coverageSchema":"1a1c01bbd47fc00a2c39e90264f33305004495a9","hash":"327afa0a5a2266dfcab6ddc492d1ec7640423e9f"}
,"/home/isaiah/dev/rap/back-end/data/migrations/20210201111221_addresses.js": {"path":"/home/isaiah/dev/rap/back-end/data/migrations/20210201111221_addresses.js","statementMap":{"0":{"start":{"line":1,"column":0},"end":{"line":9,"column":2}},"1":{"start":{"line":2,"column":2},"end":{"line":8,"column":5}},"2":{"start":{"line":3,"column":4},"end":{"line":3,"column":25}},"3":{"start":{"line":4,"column":4},"end":{"line":4,"column":31}},"4":{"start":{"line":5,"column":4},"end":{"line":5,"column":31}},"5":{"start":{"line":6,"column":4},"end":{"line":6,"column":28}},"6":{"start":{"line":7,"column":4},"end":{"line":7,"column":27}},"7":{"start":{"line":11,"column":0},"end":{"line":13,"column":2}},"8":{"start":{"line":12,"column":2},"end":{"line":12,"column":52}}},"fnMap":{"0":{"name":"(anonymous_0)","decl":{"start":{"line":1,"column":13},"end":{"line":1,"column":14}},"loc":{"start":{"line":1,"column":29},"end":{"line":9,"column":1}},"line":1},"1":{"name":"(anonymous_1)","decl":{"start":{"line":2,"column":46},"end":{"line":2,"column":47}},"loc":{"start":{"line":2,"column":55},"end":{"line":8,"column":3}},"line":2},"2":{"name":"(anonymous_2)","decl":{"start":{"line":11,"column":15},"end":{"line":11,"column":16}},"loc":{"start":{"line":11,"column":31},"end":{"line":13,"column":1}},"line":11}},"branchMap":{},"s":{"0":1,"1":1,"2":1,"3":1,"4":1,"5":1,"6":1,"7":1,"8":1},"f":{"0":1,"1":1,"2":1},"b":{},"_coverageSchema":"1a1c01bbd47fc00a2c39e90264f33305004495a9","hash":"0634a84fef2144165f752ea3a0ca1f2cc993cf4f"}
,"/home/isaiah/dev/rap/back-end/data/migrations/20210201111400_organizations.js": {"path":"/home/isaiah/dev/rap/back-end/data/migrations/20210201111400_organizations.js","statementMap":{"0":{"start":{"line":1,"column":0},"end":{"line":6,"column":2}},"1":{"start":{"line":2,"column":2},"end":{"line":5,"column":5}},"2":{"start":{"line":3,"column":4},"end":{"line":3,"column":25}},"3":{"start":{"line":4,"column":4},"end":{"line":4,"column":31}},"4":{"start":{"line":8,"column":0},"end":{"line":10,"column":2}},"5":{"start":{"line":9,"column":2},"end":{"line":9,"column":56}}},"fnMap":{"0":{"name":"(anonymous_0)","decl":{"start":{"line":1,"column":13},"end":{"line":1,"column":14}},"loc":{"start":{"line":1,"column":29},"end":{"line":6,"column":1}},"line":1},"1":{"name":"(anonymous_1)","decl":{"start":{"line":2,"column":50},"end":{"line":2,"column":51}},"loc":{"start":{"line":2,"column":59},"end":{"line":5,"column":3}},"line":2},"2":{"name":"(anonymous_2)","decl":{"start":{"line":8,"column":15},"end":{"line":8,"column":16}},"loc":{"start":{"line":8,"column":31},"end":{"line":10,"column":1}},"line":8}},"branchMap":{},"s":{"0":1,"1":1,"2":1,"3":1,"4":1,"5":1},"f":{"0":1,"1":1,"2":1},"b":{},"_coverageSchema":"1a1c01bbd47fc00a2c39e90264f33305004495a9","hash":"9a140d6033e1b2fa641652bb004927a3807cab32"}
,"/home/isaiah/dev/rap/back-end/data/migrations/20210201111450_users.js": {"path":"/home/isaiah/dev/rap/back-end/data/migrations/20210201111450_users.js","statementMap":{"0":{"start":{"line":1,"column":0},"end":{"line":33,"column":2}},"1":{"start":{"line":2,"column":2},"end":{"line":32,"column":5}},"2":{"start":{"line":3,"column":4},"end":{"line":3,"column":70}},"3":{"start":{"line":4,"column":4},"end":{"line":4,"column":47}},"4":{"start":{"line":5,"column":4},"end":{"line":5,"column":46}},"5":{"start":{"line":6,"column":4},"end":{"line":6,"column":52}},"6":{"start":{"line":7,"column":4},"end":{"line":7,"column":46}},"7":{"start":{"line":8,"column":4},"end":{"line":11,"column":29}},"8":{"start":{"line":12,"column":4},"end":{"line":12,"column":60}},"9":{"start":{"line":13,"column":4},"end":{"line":15,"column":30}},"10":{"start":{"line":16,"column":4},"end":{"line":16,"column":44}},"11":{"start":{"line":17,"column":4},"end":{"line":17,"column":44}},"12":{"start":{"line":18,"column":4},"end":{"line":24,"column":28}},"13":{"start":{"line":25,"column":4},"end":{"line":31,"column":28}},"14":{"start":{"line":35,"column":0},"end":{"line":37,"column":2}},"15":{"start":{"line":36,"column":2},"end":{"line":36,"column":48}}},"fnMap":{"0":{"name":"(anonymous_0)","decl":{"start":{"line":1,"column":13},"end":{"line":1,"column":14}},"loc":{"start":{"line":1,"column":29},"end":{"line":33,"column":1}},"line":1},"1":{"name":"(anonymous_1)","decl":{"start":{"line":2,"column":42},"end":{"line":2,"column":43}},"loc":{"start":{"line":2,"column":51},"end":{"line":32,"column":3}},"line":2},"2":{"name":"(anonymous_2)","decl":{"start":{"line":35,"column":15},"end":{"line":35,"column":16}},"loc":{"start":{"line":35,"column":31},"end":{"line":37,"column":1}},"line":35}},"branchMap":{},"s":{"0":1,"1":1,"2":1,"3":1,"4":1,"5":1,"6":1,"7":1,"8":1,"9":1,"10":1,"11":1,"12":1,"13":1,"14":1,"15":1},"f":{"0":1,"1":1,"2":1},"b":{},"_coverageSchema":"1a1c01bbd47fc00a2c39e90264f33305004495a9","hash":"1ec09c493bf99a50b21b3ce30f2d2f4ebd1bb629"}
,"/home/isaiah/dev/rap/back-end/data/seeds/00-cleanup.js": {"path":"/home/isaiah/dev/rap/back-end/data/seeds/00-cleanup.js","statementMap":{"0":{"start":{"line":1,"column":16},"end":{"line":1,"column":39}},"1":{"start":{"line":3,"column":0},"end":{"line":8,"column":2}},"2":{"start":{"line":4,"column":2},"end":{"line":7,"column":5}}},"fnMap":{"0":{"name":"(anonymous_0)","decl":{"start":{"line":3,"column":15},"end":{"line":3,"column":16}},"loc":{"start":{"line":3,"column":31},"end":{"line":8,"column":1}},"line":3}},"branchMap":{},"s":{"0":1,"1":1,"2":6},"f":{"0":6},"b":{},"_coverageSchema":"1a1c01bbd47fc00a2c39e90264f33305004495a9","hash":"d0bf5bba5c8b00f762d4df43682874c745026c26"}
,"/home/isaiah/dev/rap/back-end/data/seeds/01-addresses.js": {"path":"/home/isaiah/dev/rap/back-end/data/seeds/01-addresses.js","statementMap":{"0":{"start":{"line":1,"column":0},"end":{"line":34,"column":2}},"1":{"start":{"line":3,"column":2},"end":{"line":33,"column":7}},"2":{"start":{"line":7,"column":6},"end":{"line":32,"column":9}}},"fnMap":{"0":{"name":"(anonymous_0)","decl":{"start":{"line":1,"column":15},"end":{"line":1,"column":16}},"loc":{"start":{"line":1,"column":31},"end":{"line":34,"column":1}},"line":1},"1":{"name":"(anonymous_1)","decl":{"start":{"line":5,"column":10},"end":{"line":5,"column":11}},"loc":{"start":{"line":5,"column":22},"end":{"line":33,"column":5}},"line":5}},"branchMap":{},"s":{"0":1,"1":6,"2":6},"f":{"0":6,"1":6},"b":{},"_coverageSchema":"1a1c01bbd47fc00a2c39e90264f33305004495a9","hash":"dc0a512d2515c3cbe6247fe31542afc194a92be1"}
,"/home/isaiah/dev/rap/back-end/data/seeds/02-organizations.js": {"path":"/home/isaiah/dev/rap/back-end/data/seeds/02-organizations.js","statementMap":{"0":{"start":{"line":1,"column":0},"end":{"line":13,"column":2}},"1":{"start":{"line":3,"column":2},"end":{"line":12,"column":7}},"2":{"start":{"line":7,"column":6},"end":{"line":11,"column":9}}},"fnMap":{"0":{"name":"(anonymous_0)","decl":{"start":{"line":1,"column":15},"end":{"line":1,"column":16}},"loc":{"start":{"line":1,"column":31},"end":{"line":13,"column":1}},"line":1},"1":{"name":"(anonymous_1)","decl":{"start":{"line":5,"column":10},"end":{"line":5,"column":11}},"loc":{"start":{"line":5,"column":22},"end":{"line":12,"column":5}},"line":5}},"branchMap":{},"s":{"0":1,"1":6,"2":6},"f":{"0":6,"1":6},"b":{},"_coverageSchema":"1a1c01bbd47fc00a2c39e90264f33305004495a9","hash":"e1a6c8242ac9ca911db096c566c70d5a768aa5b5"}
,"/home/isaiah/dev/rap/back-end/data/seeds/03-users.js": {"path":"/home/isaiah/dev/rap/back-end/data/seeds/03-users.js","statementMap":{"0":{"start":{"line":1,"column":15},"end":{"line":1,"column":34}},"1":{"start":{"line":3,"column":0},"end":{"line":44,"column":2}},"2":{"start":{"line":4,"column":2},"end":{"line":43,"column":7}},"3":{"start":{"line":8,"column":6},"end":{"line":42,"column":9}}},"fnMap":{"0":{"name":"(anonymous_0)","decl":{"start":{"line":3,"column":15},"end":{"line":3,"column":16}},"loc":{"start":{"line":3,"column":31},"end":{"line":44,"column":1}},"line":3},"1":{"name":"(anonymous_1)","decl":{"start":{"line":6,"column":10},"end":{"line":6,"column":11}},"loc":{"start":{"line":6,"column":22},"end":{"line":43,"column":5}},"line":6}},"branchMap":{},"s":{"0":1,"1":1,"2":6,"3":6},"f":{"0":6,"1":6},"b":{},"_coverageSchema":"1a1c01bbd47fc00a2c39e90264f33305004495a9","hash":"c66a1e10960702246ff13761ee8a51d4afb8d7fb"}
}
