{"/home/isaiah/dev/rap/back-end/api/app.js": {"path":"/home/isaiah/dev/rap/back-end/api/app.js","statementMap":{"0":{"start":{"line":1,"column":20},"end":{"line":1,"column":42}},"1":{"start":{"line":2,"column":16},"end":{"line":2,"column":34}},"2":{"start":{"line":3,"column":13},"end":{"line":3,"column":28}},"3":{"start":{"line":4,"column":21},"end":{"line":4,"column":45}},"4":{"start":{"line":5,"column":15},"end":{"line":5,"column":32}},"5":{"start":{"line":6,"column":15},"end":{"line":6,"column":32}},"6":{"start":{"line":7,"column":18},"end":{"line":7,"column":47}},"7":{"start":{"line":8,"column":21},"end":{"line":8,"column":45}},"8":{"start":{"line":9,"column":15},"end":{"line":9,"column":32}},"9":{"start":{"line":10,"column":20},"end":{"line":10,"column":46}},"10":{"start":{"line":12,"column":22},"end":{"line":12,"column":37}},"11":{"start":{"line":13,"column":0},"end":{"line":15,"column":1}},"12":{"start":{"line":14,"column":2},"end":{"line":14,"column":28}},"13":{"start":{"line":17,"column":20},"end":{"line":17,"column":45}},"14":{"start":{"line":18,"column":25},"end":{"line":20,"column":1}},"15":{"start":{"line":23,"column":20},"end":{"line":23,"column":57}},"16":{"start":{"line":24,"column":19},"end":{"line":24,"column":55}},"17":{"start":{"line":25,"column":17},"end":{"line":25,"column":55}},"18":{"start":{"line":26,"column":18},"end":{"line":26,"column":62}},"19":{"start":{"line":27,"column":19},"end":{"line":27,"column":60}},"20":{"start":{"line":28,"column":19},"end":{"line":28,"column":54}},"21":{"start":{"line":30,"column":12},"end":{"line":30,"column":21}},"22":{"start":{"line":32,"column":0},"end":{"line":35,"column":3}},"23":{"start":{"line":33,"column":2},"end":{"line":33,"column":73}},"24":{"start":{"line":38,"column":0},"end":{"line":42,"column":2}},"25":{"start":{"line":44,"column":0},"end":{"line":44,"column":18}},"26":{"start":{"line":45,"column":0},"end":{"line":45,"column":24}},"27":{"start":{"line":46,"column":0},"end":{"line":50,"column":2}},"28":{"start":{"line":51,"column":0},"end":{"line":51,"column":23}},"29":{"start":{"line":52,"column":0},"end":{"line":52,"column":49}},"30":{"start":{"line":53,"column":0},"end":{"line":53,"column":24}},"31":{"start":{"line":56,"column":0},"end":{"line":56,"column":26}},"32":{"start":{"line":57,"column":0},"end":{"line":57,"column":29}},"33":{"start":{"line":58,"column":0},"end":{"line":58,"column":41}},"34":{"start":{"line":59,"column":0},"end":{"line":59,"column":27}},"35":{"start":{"line":60,"column":0},"end":{"line":60,"column":28}},"36":{"start":{"line":61,"column":0},"end":{"line":61,"column":30}},"37":{"start":{"line":64,"column":0},"end":{"line":66,"column":3}},"38":{"start":{"line":65,"column":2},"end":{"line":65,"column":25}},"39":{"start":{"line":69,"column":0},"end":{"line":88,"column":3}},"40":{"start":{"line":70,"column":2},"end":{"line":76,"column":3}},"41":{"start":{"line":71,"column":4},"end":{"line":71,"column":37}},"42":{"start":{"line":72,"column":4},"end":{"line":72,"column":39}},"43":{"start":{"line":73,"column":4},"end":{"line":75,"column":5}},"44":{"start":{"line":74,"column":6},"end":{"line":74,"column":29}},"45":{"start":{"line":78,"column":2},"end":{"line":81,"column":3}},"46":{"start":{"line":79,"column":4},"end":{"line":79,"column":44}},"47":{"start":{"line":80,"column":4},"end":{"line":80,"column":28}},"48":{"start":{"line":82,"column":2},"end":{"line":86,"column":3}},"49":{"start":{"line":83,"column":4},"end":{"line":83,"column":41}},"50":{"start":{"line":84,"column":22},"end":{"line":84,"column":78}},"51":{"start":{"line":85,"column":4},"end":{"line":85,"column":31}},"52":{"start":{"line":87,"column":2},"end":{"line":87,"column":12}},"53":{"start":{"line":90,"column":0},"end":{"line":90,"column":21}}},"fnMap":{"0":{"name":"(anonymous_0)","decl":{"start":{"line":32,"column":33},"end":{"line":32,"column":34}},"loc":{"start":{"line":32,"column":48},"end":{"line":35,"column":1}},"line":32},"1":{"name":"(anonymous_1)","decl":{"start":{"line":64,"column":8},"end":{"line":64,"column":9}},"loc":{"start":{"line":64,"column":28},"end":{"line":66,"column":1}},"line":64},"2":{"name":"(anonymous_2)","decl":{"start":{"line":69,"column":8},"end":{"line":69,"column":9}},"loc":{"start":{"line":69,"column":33},"end":{"line":88,"column":1}},"line":69}},"branchMap":{"0":{"loc":{"start":{"line":13,"column":0},"end":{"line":15,"column":1}},"type":"if","locations":[{"start":{"line":13,"column":0},"end":{"line":15,"column":1}},{"start":{"line":13,"column":0},"end":{"line":15,"column":1}}],"line":13},"1":{"loc":{"start":{"line":13,"column":4},"end":{"line":13,"column":63}},"type":"binary-expr","locations":[{"start":{"line":13,"column":4},"end":{"line":13,"column":40}},{"start":{"line":13,"column":44},"end":{"line":13,"column":63}}],"line":13},"2":{"loc":{"start":{"line":70,"column":2},"end":{"line":76,"column":3}},"type":"if","locations":[{"start":{"line":70,"column":2},"end":{"line":76,"column":3}},{"start":{"line":70,"column":2},"end":{"line":76,"column":3}}],"line":70},"3":{"loc":{"start":{"line":73,"column":4},"end":{"line":75,"column":5}},"type":"if","locations":[{"start":{"line":73,"column":4},"end":{"line":75,"column":5}},{"start":{"line":73,"column":4},"end":{"line":75,"column":5}}],"line":73},"4":{"loc":{"start":{"line":78,"column":2},"end":{"line":81,"column":3}},"type":"if","locations":[{"start":{"line":78,"column":2},"end":{"line":81,"column":3}},{"start":{"line":78,"column":2},"end":{"line":81,"column":3}}],"line":78},"5":{"loc":{"start":{"line":78,"column":6},"end":{"line":78,"column":66}},"type":"binary-expr","locations":[{"start":{"line":78,"column":6},"end":{"line":78,"column":43}},{"start":{"line":78,"column":47},"end":{"line":78,"column":66}}],"line":78},"6":{"loc":{"start":{"line":82,"column":2},"end":{"line":86,"column":3}},"type":"if","locations":[{"start":{"line":82,"column":2},"end":{"line":86,"column":3}},{"start":{"line":82,"column":2},"end":{"line":86,"column":3}}],"line":82},"7":{"loc":{"start":{"line":83,"column":15},"end":{"line":83,"column":39}},"type":"binary-expr","locations":[{"start":{"line":83,"column":15},"end":{"line":83,"column":32}},{"start":{"line":83,"column":36},"end":{"line":83,"column":39}}],"line":83}},"s":{"0":2,"1":2,"2":2,"3":2,"4":2,"5":2,"6":2,"7":2,"8":2,"9":2,"10":2,"11":2,"12":0,"13":2,"14":2,"15":2,"16":2,"17":2,"18":2,"19":2,"20":2,"21":2,"22":2,"23":0,"24":2,"25":2,"26":2,"27":2,"28":2,"29":2,"30":2,"31":2,"32":2,"33":2,"34":2,"35":2,"36":2,"37":2,"38":1,"39":2,"40":1,"41":1,"42":1,"43":1,"44":0,"45":1,"46":0,"47":0,"48":1,"49":1,"50":1,"51":1,"52":0,"53":2},"f":{"0":0,"1":1,"2":1},"b":{"0":[0,2],"1":[2,2],"2":[1,0],"3":[0,1],"4":[0,1],"5":[1,0],"6":[1,0],"7":[1,0]},"_coverageSchema":"1a1c01bbd47fc00a2c39e90264f33305004495a9","hash":"d1ed2d62d915fa498f0bbbc67061b201d99ac9bd"}
,"/home/isaiah/dev/rap/back-end/api/middleware/authRequired.js": {"path":"/home/isaiah/dev/rap/back-end/api/middleware/authRequired.js","statementMap":{"0":{"start":{"line":1,"column":13},"end":{"line":1,"column":49}},"1":{"start":{"line":2,"column":12},"end":{"line":2,"column":35}},"2":{"start":{"line":3,"column":22},"end":{"line":3,"column":37}},"3":{"start":{"line":5,"column":21},"end":{"line":45,"column":1}},"4":{"start":{"line":8,"column":2},"end":{"line":13,"column":3}},"5":{"start":{"line":12,"column":4},"end":{"line":12,"column":52}},"6":{"start":{"line":15,"column":2},"end":{"line":19,"column":3}},"7":{"start":{"line":16,"column":4},"end":{"line":18,"column":79}},"8":{"start":{"line":23,"column":2},"end":{"line":44,"column":3}},"9":{"start":{"line":24,"column":20},"end":{"line":24,"column":78}},"10":{"start":{"line":27,"column":24},"end":{"line":27,"column":55}},"11":{"start":{"line":29,"column":4},"end":{"line":33,"column":5}},"12":{"start":{"line":30,"column":6},"end":{"line":32,"column":80}},"13":{"start":{"line":37,"column":4},"end":{"line":37,"column":40}},"14":{"start":{"line":40,"column":4},"end":{"line":40,"column":27}},"15":{"start":{"line":41,"column":4},"end":{"line":41,"column":11}},"16":{"start":{"line":43,"column":4},"end":{"line":43,"column":63}},"17":{"start":{"line":47,"column":0},"end":{"line":47,"column":30}}},"fnMap":{"0":{"name":"(anonymous_0)","decl":{"start":{"line":5,"column":21},"end":{"line":5,"column":22}},"loc":{"start":{"line":5,"column":47},"end":{"line":45,"column":1}},"line":5}},"branchMap":{"0":{"loc":{"start":{"line":8,"column":2},"end":{"line":13,"column":3}},"type":"if","locations":[{"start":{"line":8,"column":2},"end":{"line":13,"column":3}},{"start":{"line":8,"column":2},"end":{"line":13,"column":3}}],"line":8},"1":{"loc":{"start":{"line":9,"column":4},"end":{"line":10,"column":50}},"type":"binary-expr","locations":[{"start":{"line":9,"column":4},"end":{"line":9,"column":29}},{"start":{"line":10,"column":4},"end":{"line":10,"column":50}}],"line":9},"2":{"loc":{"start":{"line":15,"column":2},"end":{"line":19,"column":3}},"type":"if","locations":[{"start":{"line":15,"column":2},"end":{"line":19,"column":3}},{"start":{"line":15,"column":2},"end":{"line":19,"column":3}}],"line":15},"3":{"loc":{"start":{"line":29,"column":4},"end":{"line":33,"column":5}},"type":"if","locations":[{"start":{"line":29,"column":4},"end":{"line":33,"column":5}},{"start":{"line":29,"column":4},"end":{"line":33,"column":5}}],"line":29}},"s":{"0":2,"1":2,"2":2,"3":2,"4":4,"5":3,"6":4,"7":1,"8":3,"9":3,"10":3,"11":3,"12":1,"13":2,"14":2,"15":2,"16":0,"17":2},"f":{"0":4},"b":{"0":[3,1],"1":[4,3],"2":[1,3],"3":[1,2]},"_coverageSchema":"1a1c01bbd47fc00a2c39e90264f33305004495a9","hash":"26ce16305a16ee1434f7d5002bca89df5192c67c"}
,"/home/isaiah/dev/rap/back-end/api/middleware/restrictTo.js": {"path":"/home/isaiah/dev/rap/back-end/api/middleware/restrictTo.js","statementMap":{"0":{"start":{"line":1,"column":20},"end":{"line":1,"column":42}},"1":{"start":{"line":3,"column":19},"end":{"line":10,"column":1}},"2":{"start":{"line":3,"column":33},"end":{"line":10,"column":1}},"3":{"start":{"line":4,"column":19},"end":{"line":4,"column":27}},"4":{"start":{"line":6,"column":2},"end":{"line":8,"column":3}},"5":{"start":{"line":7,"column":4},"end":{"line":7,"column":74}},"6":{"start":{"line":9,"column":2},"end":{"line":9,"column":9}},"7":{"start":{"line":12,"column":0},"end":{"line":12,"column":28}}},"fnMap":{"0":{"name":"(anonymous_0)","decl":{"start":{"line":3,"column":19},"end":{"line":3,"column":20}},"loc":{"start":{"line":3,"column":33},"end":{"line":10,"column":1}},"line":3},"1":{"name":"(anonymous_1)","decl":{"start":{"line":3,"column":33},"end":{"line":3,"column":34}},"loc":{"start":{"line":3,"column":53},"end":{"line":10,"column":1}},"line":3}},"branchMap":{"0":{"loc":{"start":{"line":6,"column":2},"end":{"line":8,"column":3}},"type":"if","locations":[{"start":{"line":6,"column":2},"end":{"line":8,"column":3}},{"start":{"line":6,"column":2},"end":{"line":8,"column":3}}],"line":6}},"s":{"0":2,"1":2,"2":36,"3":0,"4":0,"5":0,"6":0,"7":2},"f":{"0":36,"1":0},"b":{"0":[0,0]},"_coverageSchema":"1a1c01bbd47fc00a2c39e90264f33305004495a9","hash":"62082e6f62bf267da29463173fd2475d75ee9168"}
,"/home/isaiah/dev/rap/back-end/api/routes/addresses/addr-model.js": {"path":"/home/isaiah/dev/rap/back-end/api/routes/addresses/addr-model.js","statementMap":{"0":{"start":{"line":1,"column":11},"end":{"line":1,"column":45}},"1":{"start":{"line":3,"column":16},"end":{"line":5,"column":1}},"2":{"start":{"line":4,"column":2},"end":{"line":4,"column":25}},"3":{"start":{"line":7,"column":17},"end":{"line":9,"column":1}},"4":{"start":{"line":8,"column":2},"end":{"line":8,"column":49}},"5":{"start":{"line":11,"column":15},"end":{"line":13,"column":1}},"6":{"start":{"line":12,"column":2},"end":{"line":12,"column":39}},"7":{"start":{"line":15,"column":15},"end":{"line":17,"column":1}},"8":{"start":{"line":16,"column":2},"end":{"line":16,"column":53}},"9":{"start":{"line":19,"column":15},"end":{"line":21,"column":1}},"10":{"start":{"line":20,"column":2},"end":{"line":20,"column":54}},"11":{"start":{"line":23,"column":15},"end":{"line":25,"column":1}},"12":{"start":{"line":24,"column":2},"end":{"line":24,"column":47}},"13":{"start":{"line":27,"column":0},"end":{"line":34,"column":2}}},"fnMap":{"0":{"name":"(anonymous_0)","decl":{"start":{"line":3,"column":16},"end":{"line":3,"column":17}},"loc":{"start":{"line":3,"column":22},"end":{"line":5,"column":1}},"line":3},"1":{"name":"(anonymous_1)","decl":{"start":{"line":7,"column":17},"end":{"line":7,"column":18}},"loc":{"start":{"line":7,"column":25},"end":{"line":9,"column":1}},"line":7},"2":{"name":"(anonymous_2)","decl":{"start":{"line":11,"column":15},"end":{"line":11,"column":16}},"loc":{"start":{"line":11,"column":27},"end":{"line":13,"column":1}},"line":11},"3":{"name":"(anonymous_3)","decl":{"start":{"line":15,"column":15},"end":{"line":15,"column":16}},"loc":{"start":{"line":15,"column":25},"end":{"line":17,"column":1}},"line":15},"4":{"name":"(anonymous_4)","decl":{"start":{"line":19,"column":15},"end":{"line":19,"column":16}},"loc":{"start":{"line":19,"column":29},"end":{"line":21,"column":1}},"line":19},"5":{"name":"(anonymous_5)","decl":{"start":{"line":23,"column":15},"end":{"line":23,"column":16}},"loc":{"start":{"line":23,"column":23},"end":{"line":25,"column":1}},"line":23}},"branchMap":{},"s":{"0":3,"1":3,"2":3,"3":3,"4":0,"5":3,"6":1,"7":3,"8":3,"9":3,"10":1,"11":3,"12":1,"13":3},"f":{"0":3,"1":0,"2":1,"3":3,"4":1,"5":1},"b":{},"_coverageSchema":"1a1c01bbd47fc00a2c39e90264f33305004495a9","hash":"4e63411d539206d74059044970d895a4d38cd579"}
,"/home/isaiah/dev/rap/back-end/api/routes/addresses/addr-router.js": {"path":"/home/isaiah/dev/rap/back-end/api/routes/addresses/addr-router.js","statementMap":{"0":{"start":{"line":1,"column":16},"end":{"line":1,"column":34}},"1":{"start":{"line":2,"column":21},"end":{"line":2,"column":61}},"2":{"start":{"line":4,"column":13},"end":{"line":4,"column":36}},"3":{"start":{"line":5,"column":15},"end":{"line":5,"column":31}},"4":{"start":{"line":6,"column":19},"end":{"line":6,"column":57}},"5":{"start":{"line":8,"column":0},"end":{"line":15,"column":3}},"6":{"start":{"line":9,"column":2},"end":{"line":14,"column":3}},"7":{"start":{"line":10,"column":18},"end":{"line":10,"column":38}},"8":{"start":{"line":11,"column":4},"end":{"line":11,"column":32}},"9":{"start":{"line":13,"column":4},"end":{"line":13,"column":48}},"10":{"start":{"line":17,"column":0},"end":{"line":26,"column":3}},"11":{"start":{"line":18,"column":17},"end":{"line":18,"column":27}},"12":{"start":{"line":20,"column":2},"end":{"line":25,"column":3}},"13":{"start":{"line":21,"column":17},"end":{"line":21,"column":40}},"14":{"start":{"line":22,"column":4},"end":{"line":22,"column":31}},"15":{"start":{"line":24,"column":4},"end":{"line":24,"column":48}},"16":{"start":{"line":28,"column":0},"end":{"line":36,"column":3}},"17":{"start":{"line":29,"column":18},"end":{"line":29,"column":26}},"18":{"start":{"line":30,"column":2},"end":{"line":35,"column":3}},"19":{"start":{"line":31,"column":22},"end":{"line":31,"column":48}},"20":{"start":{"line":32,"column":4},"end":{"line":32,"column":36}},"21":{"start":{"line":34,"column":4},"end":{"line":34,"column":48}},"22":{"start":{"line":38,"column":0},"end":{"line":47,"column":3}},"23":{"start":{"line":39,"column":17},"end":{"line":39,"column":27}},"24":{"start":{"line":40,"column":18},"end":{"line":40,"column":26}},"25":{"start":{"line":41,"column":2},"end":{"line":46,"column":3}},"26":{"start":{"line":42,"column":20},"end":{"line":42,"column":50}},"27":{"start":{"line":43,"column":4},"end":{"line":43,"column":78}},"28":{"start":{"line":45,"column":4},"end":{"line":45,"column":48}},"29":{"start":{"line":49,"column":0},"end":{"line":57,"column":3}},"30":{"start":{"line":50,"column":17},"end":{"line":50,"column":27}},"31":{"start":{"line":51,"column":2},"end":{"line":56,"column":3}},"32":{"start":{"line":52,"column":4},"end":{"line":52,"column":26}},"33":{"start":{"line":53,"column":4},"end":{"line":53,"column":58}},"34":{"start":{"line":55,"column":4},"end":{"line":55,"column":48}},"35":{"start":{"line":59,"column":0},"end":{"line":59,"column":24}}},"fnMap":{"0":{"name":"(anonymous_0)","decl":{"start":{"line":8,"column":51},"end":{"line":8,"column":52}},"loc":{"start":{"line":8,"column":71},"end":{"line":15,"column":1}},"line":8},"1":{"name":"(anonymous_1)","decl":{"start":{"line":17,"column":54},"end":{"line":17,"column":55}},"loc":{"start":{"line":17,"column":74},"end":{"line":26,"column":1}},"line":17},"2":{"name":"(anonymous_2)","decl":{"start":{"line":28,"column":52},"end":{"line":28,"column":53}},"loc":{"start":{"line":28,"column":72},"end":{"line":36,"column":1}},"line":28},"3":{"name":"(anonymous_3)","decl":{"start":{"line":38,"column":54},"end":{"line":38,"column":55}},"loc":{"start":{"line":38,"column":74},"end":{"line":47,"column":1}},"line":38},"4":{"name":"(anonymous_4)","decl":{"start":{"line":49,"column":57},"end":{"line":49,"column":58}},"loc":{"start":{"line":49,"column":77},"end":{"line":57,"column":1}},"line":49}},"branchMap":{},"s":{"0":2,"1":2,"2":2,"3":2,"4":2,"5":2,"6":0,"7":0,"8":0,"9":0,"10":2,"11":0,"12":0,"13":0,"14":0,"15":0,"16":2,"17":0,"18":0,"19":0,"20":0,"21":0,"22":2,"23":0,"24":0,"25":0,"26":0,"27":0,"28":0,"29":2,"30":0,"31":0,"32":0,"33":0,"34":0,"35":2},"f":{"0":0,"1":0,"2":0,"3":0,"4":0},"b":{},"_coverageSchema":"1a1c01bbd47fc00a2c39e90264f33305004495a9","hash":"66ea16e269af91fd0e4ab14431787593509e0e0f"}
,"/home/isaiah/dev/rap/back-end/api/routes/auth/authRouter.js": {"path":"/home/isaiah/dev/rap/back-end/api/routes/auth/authRouter.js","statementMap":{"0":{"start":{"line":1,"column":16},"end":{"line":1,"column":34}},"1":{"start":{"line":2,"column":15},"end":{"line":2,"column":31}},"2":{"start":{"line":4,"column":36},"end":{"line":4,"column":60}},"3":{"start":{"line":7,"column":48},"end":{"line":7,"column":71}},"4":{"start":{"line":10,"column":0},"end":{"line":10,"column":48}},"5":{"start":{"line":12,"column":0},"end":{"line":12,"column":61}},"6":{"start":{"line":14,"column":0},"end":{"line":14,"column":24}}},"fnMap":{},"branchMap":{},"s":{"0":2,"1":2,"2":2,"3":2,"4":2,"5":2,"6":2},"f":{},"b":{},"_coverageSchema":"1a1c01bbd47fc00a2c39e90264f33305004495a9","hash":"8fda44fd7e06a764a463b989028586138908486e"}
,"/home/isaiah/dev/rap/back-end/api/routes/auth/controllers/index.js": {"path":"/home/isaiah/dev/rap/back-end/api/routes/auth/controllers/index.js","statementMap":{"0":{"start":{"line":1,"column":21},"end":{"line":1,"column":46}},"1":{"start":{"line":3,"column":18},"end":{"line":3,"column":40}},"2":{"start":{"line":5,"column":0},"end":{"line":8,"column":2}}},"fnMap":{},"branchMap":{},"s":{"0":2,"1":2,"2":2},"f":{},"b":{},"_coverageSchema":"1a1c01bbd47fc00a2c39e90264f33305004495a9","hash":"e3dd559c01a7abc6ebea68cea30eadb19e2e5d26"}
,"/home/isaiah/dev/rap/back-end/api/routes/auth/controllers/loginUser.js": {"path":"/home/isaiah/dev/rap/back-end/api/routes/auth/controllers/loginUser.js","statementMap":{"0":{"start":{"line":1,"column":22},"end":{"line":1,"column":41}},"1":{"start":{"line":2,"column":13},"end":{"line":2,"column":45}},"2":{"start":{"line":3,"column":15},"end":{"line":3,"column":34}},"3":{"start":{"line":5,"column":18},"end":{"line":33,"column":1}},"4":{"start":{"line":6,"column":30},"end":{"line":6,"column":38}},"5":{"start":{"line":8,"column":2},"end":{"line":32,"column":3}},"6":{"start":{"line":10,"column":15},"end":{"line":10,"column":43}},"7":{"start":{"line":11,"column":4},"end":{"line":11,"column":19}},"8":{"start":{"line":13,"column":27},"end":{"line":13,"column":72}},"9":{"start":{"line":15,"column":4},"end":{"line":18,"column":5}},"10":{"start":{"line":17,"column":6},"end":{"line":17,"column":78}},"11":{"start":{"line":21,"column":18},"end":{"line":21,"column":36}},"12":{"start":{"line":24,"column":4},"end":{"line":24,"column":33}},"13":{"start":{"line":26,"column":4},"end":{"line":29,"column":7}},"14":{"start":{"line":31,"column":4},"end":{"line":31,"column":36}},"15":{"start":{"line":35,"column":0},"end":{"line":35,"column":27}}},"fnMap":{"0":{"name":"(anonymous_0)","decl":{"start":{"line":5,"column":18},"end":{"line":5,"column":19}},"loc":{"start":{"line":5,"column":44},"end":{"line":33,"column":1}},"line":5}},"branchMap":{"0":{"loc":{"start":{"line":15,"column":4},"end":{"line":18,"column":5}},"type":"if","locations":[{"start":{"line":15,"column":4},"end":{"line":18,"column":5}},{"start":{"line":15,"column":4},"end":{"line":18,"column":5}}],"line":15}},"s":{"0":2,"1":2,"2":2,"3":2,"4":4,"5":4,"6":4,"7":4,"8":4,"9":4,"10":1,"11":3,"12":3,"13":3,"14":0,"15":2},"f":{"0":4},"b":{"0":[1,3]},"_coverageSchema":"1a1c01bbd47fc00a2c39e90264f33305004495a9","hash":"bc9316d020f4e99bb188d523766312544866f775"}
,"/home/isaiah/dev/rap/back-end/api/routes/auth/controllers/registerUser.js": {"path":"/home/isaiah/dev/rap/back-end/api/routes/auth/controllers/registerUser.js","statementMap":{"0":{"start":{"line":1,"column":22},"end":{"line":1,"column":41}},"1":{"start":{"line":3,"column":13},"end":{"line":3,"column":45}},"2":{"start":{"line":5,"column":21},"end":{"line":26,"column":1}},"3":{"start":{"line":6,"column":16},"end":{"line":6,"column":24}},"4":{"start":{"line":8,"column":2},"end":{"line":25,"column":3}},"5":{"start":{"line":9,"column":15},"end":{"line":9,"column":41}},"6":{"start":{"line":11,"column":4},"end":{"line":11,"column":19}},"7":{"start":{"line":14,"column":4},"end":{"line":14,"column":33}},"8":{"start":{"line":17,"column":18},"end":{"line":17,"column":36}},"9":{"start":{"line":19,"column":4},"end":{"line":22,"column":7}},"10":{"start":{"line":24,"column":4},"end":{"line":24,"column":63}},"11":{"start":{"line":28,"column":0},"end":{"line":28,"column":30}}},"fnMap":{"0":{"name":"(anonymous_0)","decl":{"start":{"line":5,"column":21},"end":{"line":5,"column":22}},"loc":{"start":{"line":5,"column":47},"end":{"line":26,"column":1}},"line":5}},"branchMap":{},"s":{"0":2,"1":2,"2":2,"3":1,"4":1,"5":1,"6":1,"7":1,"8":1,"9":1,"10":0,"11":2},"f":{"0":1},"b":{},"_coverageSchema":"1a1c01bbd47fc00a2c39e90264f33305004495a9","hash":"44fe2ed003002db0524e55a9df4517178bfe9e76"}
,"/home/isaiah/dev/rap/back-end/api/routes/auth/utils/index.js": {"path":"/home/isaiah/dev/rap/back-end/api/routes/auth/utils/index.js","statementMap":{"0":{"start":{"line":1,"column":12},"end":{"line":1,"column":35}},"1":{"start":{"line":3,"column":18},"end":{"line":6,"column":4}},"2":{"start":{"line":4,"column":2},"end":{"line":6,"column":4}},"3":{"start":{"line":8,"column":0},"end":{"line":10,"column":2}}},"fnMap":{"0":{"name":"(anonymous_0)","decl":{"start":{"line":3,"column":18},"end":{"line":3,"column":19}},"loc":{"start":{"line":4,"column":2},"end":{"line":6,"column":4}},"line":4}},"branchMap":{},"s":{"0":2,"1":2,"2":4,"3":2},"f":{"0":4},"b":{},"_coverageSchema":"1a1c01bbd47fc00a2c39e90264f33305004495a9","hash":"1220e9ec0bd80d3f359c8940dc5c700e0348b9ed"}
,"/home/isaiah/dev/rap/back-end/api/routes/auth/validators/index.js": {"path":"/home/isaiah/dev/rap/back-end/api/routes/auth/validators/index.js","statementMap":{"0":{"start":{"line":1,"column":29},"end":{"line":1,"column":62}},"1":{"start":{"line":2,"column":22},"end":{"line":2,"column":48}},"2":{"start":{"line":4,"column":0},"end":{"line":7,"column":2}}},"fnMap":{},"branchMap":{},"s":{"0":2,"1":2,"2":2},"f":{},"b":{},"_coverageSchema":"1a1c01bbd47fc00a2c39e90264f33305004495a9","hash":"67184a7e62793ae5bc7352be015e09ac6011105c"}
,"/home/isaiah/dev/rap/back-end/api/routes/auth/validators/validateLogin.js": {"path":"/home/isaiah/dev/rap/back-end/api/routes/auth/validators/validateLogin.js","statementMap":{"0":{"start":{"line":1,"column":36},"end":{"line":1,"column":64}},"1":{"start":{"line":2,"column":13},"end":{"line":2,"column":45}},"2":{"start":{"line":4,"column":0},"end":{"line":36,"column":2}},"3":{"start":{"line":12,"column":19},"end":{"line":12,"column":40}},"4":{"start":{"line":13,"column":4},"end":{"line":14,"column":62}},"5":{"start":{"line":14,"column":6},"end":{"line":14,"column":62}},"6":{"start":{"line":16,"column":22},"end":{"line":16,"column":30}},"7":{"start":{"line":18,"column":4},"end":{"line":34,"column":5}},"8":{"start":{"line":20,"column":17},"end":{"line":20,"column":45}},"9":{"start":{"line":22,"column":23},"end":{"line":22,"column":38}},"10":{"start":{"line":24,"column":6},"end":{"line":27,"column":7}},"11":{"start":{"line":26,"column":8},"end":{"line":26,"column":80}},"12":{"start":{"line":29,"column":6},"end":{"line":29,"column":13}},"13":{"start":{"line":31,"column":6},"end":{"line":33,"column":9}}},"fnMap":{"0":{"name":"(anonymous_0)","decl":{"start":{"line":11,"column":2},"end":{"line":11,"column":3}},"loc":{"start":{"line":11,"column":28},"end":{"line":35,"column":3}},"line":11}},"branchMap":{"0":{"loc":{"start":{"line":13,"column":4},"end":{"line":14,"column":62}},"type":"if","locations":[{"start":{"line":13,"column":4},"end":{"line":14,"column":62}},{"start":{"line":13,"column":4},"end":{"line":14,"column":62}}],"line":13},"1":{"loc":{"start":{"line":24,"column":6},"end":{"line":27,"column":7}},"type":"if","locations":[{"start":{"line":24,"column":6},"end":{"line":27,"column":7}},{"start":{"line":24,"column":6},"end":{"line":27,"column":7}}],"line":24}},"s":{"0":2,"1":2,"2":2,"3":6,"4":6,"5":1,"6":5,"7":5,"8":5,"9":5,"10":5,"11":1,"12":4,"13":0},"f":{"0":6},"b":{"0":[1,5],"1":[1,4]},"_coverageSchema":"1a1c01bbd47fc00a2c39e90264f33305004495a9","hash":"73e522d12001d1719f16cd58ad6241e6e3bb7f22"}
,"/home/isaiah/dev/rap/back-end/api/routes/auth/validators/validateRegistration.js": {"path":"/home/isaiah/dev/rap/back-end/api/routes/auth/validators/validateRegistration.js","statementMap":{"0":{"start":{"line":1,"column":36},"end":{"line":1,"column":64}},"1":{"start":{"line":3,"column":13},"end":{"line":3,"column":45}},"2":{"start":{"line":5,"column":19},"end":{"line":5,"column":41}},"3":{"start":{"line":7,"column":0},"end":{"line":68,"column":2}},"4":{"start":{"line":31,"column":22},"end":{"line":31,"column":47}},"5":{"start":{"line":46,"column":19},"end":{"line":46,"column":40}},"6":{"start":{"line":47,"column":22},"end":{"line":47,"column":30}},"7":{"start":{"line":48,"column":4},"end":{"line":49,"column":62}},"8":{"start":{"line":49,"column":6},"end":{"line":49,"column":62}},"9":{"start":{"line":51,"column":4},"end":{"line":66,"column":5}},"10":{"start":{"line":53,"column":17},"end":{"line":53,"column":45}},"11":{"start":{"line":55,"column":23},"end":{"line":55,"column":38}},"12":{"start":{"line":57,"column":6},"end":{"line":61,"column":7}},"13":{"start":{"line":58,"column":8},"end":{"line":60,"column":68}},"14":{"start":{"line":63,"column":6},"end":{"line":63,"column":13}},"15":{"start":{"line":65,"column":6},"end":{"line":65,"column":65}}},"fnMap":{"0":{"name":"(anonymous_0)","decl":{"start":{"line":31,"column":12},"end":{"line":31,"column":13}},"loc":{"start":{"line":31,"column":22},"end":{"line":31,"column":47}},"line":31},"1":{"name":"(anonymous_1)","decl":{"start":{"line":45,"column":2},"end":{"line":45,"column":3}},"loc":{"start":{"line":45,"column":28},"end":{"line":67,"column":3}},"line":45}},"branchMap":{"0":{"loc":{"start":{"line":48,"column":4},"end":{"line":49,"column":62}},"type":"if","locations":[{"start":{"line":48,"column":4},"end":{"line":49,"column":62}},{"start":{"line":48,"column":4},"end":{"line":49,"column":62}}],"line":48},"1":{"loc":{"start":{"line":57,"column":6},"end":{"line":61,"column":7}},"type":"if","locations":[{"start":{"line":57,"column":6},"end":{"line":61,"column":7}},{"start":{"line":57,"column":6},"end":{"line":61,"column":7}}],"line":57}},"s":{"0":2,"1":2,"2":2,"3":2,"4":4,"5":4,"6":4,"7":4,"8":2,"9":2,"10":2,"11":2,"12":2,"13":1,"14":1,"15":0},"f":{"0":4,"1":4},"b":{"0":[2,2],"1":[1,1]},"_coverageSchema":"1a1c01bbd47fc00a2c39e90264f33305004495a9","hash":"8fdce42a18fe6d21374931fb5096e6ceb3f60a80"}
,"/home/isaiah/dev/rap/back-end/api/routes/dsService/dsModel.js": {"path":"/home/isaiah/dev/rap/back-end/api/routes/dsService/dsModel.js","statementMap":{"0":{"start":{"line":1,"column":14},"end":{"line":1,"column":30}},"1":{"start":{"line":2,"column":17},"end":{"line":2,"column":52}},"2":{"start":{"line":4,"column":17},"end":{"line":4,"column":39}},"3":{"start":{"line":6,"column":22},"end":{"line":6,"column":79}},"4":{"start":{"line":6,"column":38},"end":{"line":6,"column":79}},"5":{"start":{"line":8,"column":15},"end":{"line":8,"column":55}},"6":{"start":{"line":8,"column":26},"end":{"line":8,"column":55}},"7":{"start":{"line":10,"column":0},"end":{"line":10,"column":43}}},"fnMap":{"0":{"name":"(anonymous_0)","decl":{"start":{"line":6,"column":22},"end":{"line":6,"column":23}},"loc":{"start":{"line":6,"column":38},"end":{"line":6,"column":79}},"line":6},"1":{"name":"(anonymous_1)","decl":{"start":{"line":8,"column":15},"end":{"line":8,"column":16}},"loc":{"start":{"line":8,"column":26},"end":{"line":8,"column":55}},"line":8}},"branchMap":{},"s":{"0":2,"1":2,"2":2,"3":2,"4":0,"5":2,"6":0,"7":2},"f":{"0":0,"1":0},"b":{},"_coverageSchema":"1a1c01bbd47fc00a2c39e90264f33305004495a9","hash":"2dea7cedb5f56cb9e9e8e93a9b861ec938875d1f"}
,"/home/isaiah/dev/rap/back-end/api/routes/dsService/dsRouter.js": {"path":"/home/isaiah/dev/rap/back-end/api/routes/dsService/dsRouter.js","statementMap":{"0":{"start":{"line":1,"column":16},"end":{"line":1,"column":34}},"1":{"start":{"line":3,"column":15},"end":{"line":3,"column":31}},"2":{"start":{"line":4,"column":16},"end":{"line":4,"column":36}},"3":{"start":{"line":5,"column":21},"end":{"line":5,"column":61}},"4":{"start":{"line":64,"column":0},"end":{"line":78,"column":3}},"5":{"start":{"line":65,"column":13},"end":{"line":65,"column":34}},"6":{"start":{"line":66,"column":13},"end":{"line":66,"column":34}},"7":{"start":{"line":67,"column":13},"end":{"line":67,"column":34}},"8":{"start":{"line":69,"column":2},"end":{"line":77,"column":7}},"9":{"start":{"line":72,"column":6},"end":{"line":72,"column":42}},"10":{"start":{"line":75,"column":6},"end":{"line":75,"column":27}},"11":{"start":{"line":76,"column":6},"end":{"line":76,"column":34}},"12":{"start":{"line":107,"column":0},"end":{"line":119,"column":3}},"13":{"start":{"line":108,"column":16},"end":{"line":108,"column":40}},"14":{"start":{"line":110,"column":2},"end":{"line":118,"column":7}},"15":{"start":{"line":113,"column":6},"end":{"line":113,"column":42}},"16":{"start":{"line":116,"column":6},"end":{"line":116,"column":27}},"17":{"start":{"line":117,"column":6},"end":{"line":117,"column":34}},"18":{"start":{"line":121,"column":0},"end":{"line":121,"column":24}}},"fnMap":{"0":{"name":"(anonymous_0)","decl":{"start":{"line":64,"column":48},"end":{"line":64,"column":49}},"loc":{"start":{"line":64,"column":62},"end":{"line":78,"column":1}},"line":64},"1":{"name":"(anonymous_1)","decl":{"start":{"line":71,"column":10},"end":{"line":71,"column":11}},"loc":{"start":{"line":71,"column":24},"end":{"line":73,"column":5}},"line":71},"2":{"name":"(anonymous_2)","decl":{"start":{"line":74,"column":11},"end":{"line":74,"column":12}},"loc":{"start":{"line":74,"column":22},"end":{"line":77,"column":5}},"line":74},"3":{"name":"(anonymous_3)","decl":{"start":{"line":107,"column":40},"end":{"line":107,"column":41}},"loc":{"start":{"line":107,"column":54},"end":{"line":119,"column":1}},"line":107},"4":{"name":"(anonymous_4)","decl":{"start":{"line":112,"column":10},"end":{"line":112,"column":11}},"loc":{"start":{"line":112,"column":24},"end":{"line":114,"column":5}},"line":112},"5":{"name":"(anonymous_5)","decl":{"start":{"line":115,"column":11},"end":{"line":115,"column":12}},"loc":{"start":{"line":115,"column":22},"end":{"line":118,"column":5}},"line":115}},"branchMap":{},"s":{"0":2,"1":2,"2":2,"3":2,"4":2,"5":0,"6":0,"7":0,"8":0,"9":0,"10":0,"11":0,"12":2,"13":0,"14":0,"15":0,"16":0,"17":0,"18":2},"f":{"0":0,"1":0,"2":0,"3":0,"4":0,"5":0},"b":{},"_coverageSchema":"1a1c01bbd47fc00a2c39e90264f33305004495a9","hash":"e47fa35927a0df32907377c697251c26a0c185a1"}
,"/home/isaiah/dev/rap/back-end/api/routes/index/indexRouter.js": {"path":"/home/isaiah/dev/rap/back-end/api/routes/index/indexRouter.js","statementMap":{"0":{"start":{"line":1,"column":16},"end":{"line":1,"column":34}},"1":{"start":{"line":3,"column":15},"end":{"line":3,"column":31}},"2":{"start":{"line":28,"column":0},"end":{"line":30,"column":3}},"3":{"start":{"line":29,"column":2},"end":{"line":29,"column":61}},"4":{"start":{"line":32,"column":0},"end":{"line":32,"column":24}}},"fnMap":{"0":{"name":"(anonymous_0)","decl":{"start":{"line":28,"column":16},"end":{"line":28,"column":17}},"loc":{"start":{"line":28,"column":30},"end":{"line":30,"column":1}},"line":28}},"branchMap":{},"s":{"0":2,"1":2,"2":2,"3":1,"4":2},"f":{"0":1},"b":{},"_coverageSchema":"1a1c01bbd47fc00a2c39e90264f33305004495a9","hash":"3f85627a07d777c34a55f706f08067bd4fb3f3f6"}
,"/home/isaiah/dev/rap/back-end/api/routes/organizations/org-model.js": {"path":"/home/isaiah/dev/rap/back-end/api/routes/organizations/org-model.js","statementMap":{"0":{"start":{"line":1,"column":11},"end":{"line":1,"column":45}},"1":{"start":{"line":3,"column":16},"end":{"line":5,"column":1}},"2":{"start":{"line":4,"column":2},"end":{"line":4,"column":29}},"3":{"start":{"line":7,"column":17},"end":{"line":9,"column":1}},"4":{"start":{"line":8,"column":2},"end":{"line":8,"column":53}},"5":{"start":{"line":11,"column":15},"end":{"line":13,"column":1}},"6":{"start":{"line":12,"column":2},"end":{"line":12,"column":47}},"7":{"start":{"line":15,"column":15},"end":{"line":17,"column":1}},"8":{"start":{"line":16,"column":2},"end":{"line":16,"column":56}},"9":{"start":{"line":19,"column":15},"end":{"line":21,"column":1}},"10":{"start":{"line":20,"column":2},"end":{"line":20,"column":57}},"11":{"start":{"line":23,"column":15},"end":{"line":25,"column":1}},"12":{"start":{"line":24,"column":2},"end":{"line":24,"column":51}},"13":{"start":{"line":27,"column":0},"end":{"line":34,"column":2}}},"fnMap":{"0":{"name":"(anonymous_0)","decl":{"start":{"line":3,"column":16},"end":{"line":3,"column":17}},"loc":{"start":{"line":3,"column":22},"end":{"line":5,"column":1}},"line":3},"1":{"name":"(anonymous_1)","decl":{"start":{"line":7,"column":17},"end":{"line":7,"column":18}},"loc":{"start":{"line":7,"column":25},"end":{"line":9,"column":1}},"line":7},"2":{"name":"(anonymous_2)","decl":{"start":{"line":11,"column":15},"end":{"line":11,"column":16}},"loc":{"start":{"line":11,"column":25},"end":{"line":13,"column":1}},"line":11},"3":{"name":"(anonymous_3)","decl":{"start":{"line":15,"column":15},"end":{"line":15,"column":16}},"loc":{"start":{"line":15,"column":24},"end":{"line":17,"column":1}},"line":15},"4":{"name":"(anonymous_4)","decl":{"start":{"line":19,"column":15},"end":{"line":19,"column":16}},"loc":{"start":{"line":19,"column":28},"end":{"line":21,"column":1}},"line":19},"5":{"name":"(anonymous_5)","decl":{"start":{"line":23,"column":15},"end":{"line":23,"column":16}},"loc":{"start":{"line":23,"column":23},"end":{"line":25,"column":1}},"line":23}},"branchMap":{},"s":{"0":2,"1":2,"2":0,"3":2,"4":0,"5":2,"6":0,"7":2,"8":0,"9":2,"10":0,"11":2,"12":0,"13":2},"f":{"0":0,"1":0,"2":0,"3":0,"4":0,"5":0},"b":{},"_coverageSchema":"1a1c01bbd47fc00a2c39e90264f33305004495a9","hash":"e7d8dfa8f40cf094903d565fb393c2c5bfe98d80"}
,"/home/isaiah/dev/rap/back-end/api/routes/organizations/org-router.js": {"path":"/home/isaiah/dev/rap/back-end/api/routes/organizations/org-router.js","statementMap":{"0":{"start":{"line":1,"column":16},"end":{"line":1,"column":34}},"1":{"start":{"line":2,"column":21},"end":{"line":2,"column":61}},"2":{"start":{"line":4,"column":12},"end":{"line":4,"column":34}},"3":{"start":{"line":5,"column":15},"end":{"line":5,"column":31}},"4":{"start":{"line":6,"column":19},"end":{"line":6,"column":57}},"5":{"start":{"line":8,"column":0},"end":{"line":15,"column":3}},"6":{"start":{"line":9,"column":2},"end":{"line":14,"column":3}},"7":{"start":{"line":10,"column":17},"end":{"line":10,"column":36}},"8":{"start":{"line":11,"column":4},"end":{"line":11,"column":31}},"9":{"start":{"line":13,"column":4},"end":{"line":13,"column":48}},"10":{"start":{"line":17,"column":0},"end":{"line":25,"column":3}},"11":{"start":{"line":18,"column":17},"end":{"line":18,"column":27}},"12":{"start":{"line":19,"column":2},"end":{"line":24,"column":3}},"13":{"start":{"line":20,"column":16},"end":{"line":20,"column":38}},"14":{"start":{"line":21,"column":4},"end":{"line":21,"column":30}},"15":{"start":{"line":23,"column":4},"end":{"line":23,"column":48}},"16":{"start":{"line":27,"column":0},"end":{"line":35,"column":3}},"17":{"start":{"line":28,"column":20},"end":{"line":28,"column":28}},"18":{"start":{"line":29,"column":2},"end":{"line":34,"column":3}},"19":{"start":{"line":30,"column":19},"end":{"line":30,"column":46}},"20":{"start":{"line":31,"column":4},"end":{"line":31,"column":33}},"21":{"start":{"line":33,"column":4},"end":{"line":33,"column":48}},"22":{"start":{"line":37,"column":0},"end":{"line":46,"column":3}},"23":{"start":{"line":38,"column":17},"end":{"line":38,"column":27}},"24":{"start":{"line":39,"column":21},"end":{"line":39,"column":29}},"25":{"start":{"line":40,"column":2},"end":{"line":45,"column":3}},"26":{"start":{"line":41,"column":17},"end":{"line":41,"column":49}},"27":{"start":{"line":42,"column":4},"end":{"line":42,"column":79}},"28":{"start":{"line":44,"column":4},"end":{"line":44,"column":48}},"29":{"start":{"line":48,"column":0},"end":{"line":56,"column":3}},"30":{"start":{"line":49,"column":17},"end":{"line":49,"column":27}},"31":{"start":{"line":50,"column":2},"end":{"line":55,"column":3}},"32":{"start":{"line":51,"column":4},"end":{"line":51,"column":25}},"33":{"start":{"line":52,"column":4},"end":{"line":52,"column":62}},"34":{"start":{"line":54,"column":4},"end":{"line":54,"column":48}},"35":{"start":{"line":57,"column":0},"end":{"line":57,"column":24}}},"fnMap":{"0":{"name":"(anonymous_0)","decl":{"start":{"line":8,"column":51},"end":{"line":8,"column":52}},"loc":{"start":{"line":8,"column":71},"end":{"line":15,"column":1}},"line":8},"1":{"name":"(anonymous_1)","decl":{"start":{"line":17,"column":54},"end":{"line":17,"column":55}},"loc":{"start":{"line":17,"column":74},"end":{"line":25,"column":1}},"line":17},"2":{"name":"(anonymous_2)","decl":{"start":{"line":27,"column":52},"end":{"line":27,"column":53}},"loc":{"start":{"line":27,"column":72},"end":{"line":35,"column":1}},"line":27},"3":{"name":"(anonymous_3)","decl":{"start":{"line":37,"column":54},"end":{"line":37,"column":55}},"loc":{"start":{"line":37,"column":74},"end":{"line":46,"column":1}},"line":37},"4":{"name":"(anonymous_4)","decl":{"start":{"line":48,"column":57},"end":{"line":48,"column":58}},"loc":{"start":{"line":48,"column":77},"end":{"line":56,"column":1}},"line":48}},"branchMap":{},"s":{"0":2,"1":2,"2":2,"3":2,"4":2,"5":2,"6":0,"7":0,"8":0,"9":0,"10":2,"11":0,"12":0,"13":0,"14":0,"15":0,"16":2,"17":0,"18":0,"19":0,"20":0,"21":0,"22":2,"23":0,"24":0,"25":0,"26":0,"27":0,"28":0,"29":2,"30":0,"31":0,"32":0,"33":0,"34":0,"35":2},"f":{"0":0,"1":0,"2":0,"3":0,"4":0},"b":{},"_coverageSchema":"1a1c01bbd47fc00a2c39e90264f33305004495a9","hash":"17f29b73f613190e9fe627e163f5357b6766a71a"}
,"/home/isaiah/dev/rap/back-end/api/routes/users/userModel.js": {"path":"/home/isaiah/dev/rap/back-end/api/routes/users/userModel.js","statementMap":{"0":{"start":{"line":1,"column":11},"end":{"line":1,"column":45}},"1":{"start":{"line":2,"column":15},"end":{"line":2,"column":34}},"2":{"start":{"line":4,"column":16},"end":{"line":26,"column":6}},"3":{"start":{"line":5,"column":2},"end":{"line":26,"column":6}},"4":{"start":{"line":23,"column":6},"end":{"line":25,"column":7}},"5":{"start":{"line":24,"column":8},"end":{"line":24,"column":51}},"6":{"start":{"line":28,"column":15},"end":{"line":28,"column":64}},"7":{"start":{"line":28,"column":33},"end":{"line":28,"column":64}},"8":{"start":{"line":30,"column":17},"end":{"line":30,"column":67}},"9":{"start":{"line":30,"column":31},"end":{"line":30,"column":67}},"10":{"start":{"line":32,"column":26},"end":{"line":33,"column":64}},"11":{"start":{"line":33,"column":2},"end":{"line":33,"column":64}},"12":{"start":{"line":35,"column":26},"end":{"line":35,"column":77}},"13":{"start":{"line":35,"column":40},"end":{"line":35,"column":77}},"14":{"start":{"line":37,"column":28},"end":{"line":46,"column":5}},"15":{"start":{"line":38,"column":2},"end":{"line":46,"column":5}},"16":{"start":{"line":48,"column":28},"end":{"line":52,"column":1}},"17":{"start":{"line":49,"column":2},"end":{"line":51,"column":3}},"18":{"start":{"line":50,"column":18},"end":{"line":50,"column":65}},"19":{"start":{"line":54,"column":26},"end":{"line":55,"column":79}},"20":{"start":{"line":55,"column":2},"end":{"line":55,"column":79}},"21":{"start":{"line":57,"column":21},"end":{"line":57,"column":70}},"22":{"start":{"line":57,"column":40},"end":{"line":57,"column":70}},"23":{"start":{"line":59,"column":15},"end":{"line":71,"column":1}},"24":{"start":{"line":62,"column":19},"end":{"line":62,"column":66}},"25":{"start":{"line":64,"column":2},"end":{"line":64,"column":39}},"26":{"start":{"line":68,"column":2},"end":{"line":68,"column":61}},"27":{"start":{"line":70,"column":2},"end":{"line":70,"column":49}},"28":{"start":{"line":73,"column":15},"end":{"line":76,"column":1}},"29":{"start":{"line":74,"column":2},"end":{"line":74,"column":23}},"30":{"start":{"line":75,"column":2},"end":{"line":75,"column":74}},"31":{"start":{"line":78,"column":15},"end":{"line":78,"column":66}},"32":{"start":{"line":78,"column":29},"end":{"line":78,"column":66}},"33":{"start":{"line":80,"column":28},"end":{"line":95,"column":1}},"34":{"start":{"line":81,"column":23},"end":{"line":81,"column":79}},"35":{"start":{"line":81,"column":71},"end":{"line":81,"column":78}},"36":{"start":{"line":82,"column":2},"end":{"line":84,"column":3}},"37":{"start":{"line":83,"column":4},"end":{"line":83,"column":24}},"38":{"start":{"line":88,"column":19},"end":{"line":88,"column":66}},"39":{"start":{"line":90,"column":2},"end":{"line":90,"column":45}},"40":{"start":{"line":92,"column":2},"end":{"line":94,"column":4}},"41":{"start":{"line":93,"column":4},"end":{"line":93,"column":43}},"42":{"start":{"line":97,"column":0},"end":{"line":111,"column":2}}},"fnMap":{"0":{"name":"(anonymous_0)","decl":{"start":{"line":4,"column":16},"end":{"line":4,"column":17}},"loc":{"start":{"line":5,"column":2},"end":{"line":26,"column":6}},"line":5},"1":{"name":"(anonymous_1)","decl":{"start":{"line":22,"column":12},"end":{"line":22,"column":13}},"loc":{"start":{"line":22,"column":20},"end":{"line":26,"column":5}},"line":22},"2":{"name":"(anonymous_2)","decl":{"start":{"line":28,"column":15},"end":{"line":28,"column":16}},"loc":{"start":{"line":28,"column":33},"end":{"line":28,"column":64}},"line":28},"3":{"name":"(anonymous_3)","decl":{"start":{"line":30,"column":17},"end":{"line":30,"column":18}},"loc":{"start":{"line":30,"column":31},"end":{"line":30,"column":67}},"line":30},"4":{"name":"(anonymous_4)","decl":{"start":{"line":32,"column":26},"end":{"line":32,"column":27}},"loc":{"start":{"line":33,"column":2},"end":{"line":33,"column":64}},"line":33},"5":{"name":"(anonymous_5)","decl":{"start":{"line":35,"column":26},"end":{"line":35,"column":27}},"loc":{"start":{"line":35,"column":40},"end":{"line":35,"column":77}},"line":35},"6":{"name":"(anonymous_6)","decl":{"start":{"line":37,"column":28},"end":{"line":37,"column":29}},"loc":{"start":{"line":38,"column":2},"end":{"line":46,"column":5}},"line":38},"7":{"name":"(anonymous_7)","decl":{"start":{"line":48,"column":28},"end":{"line":48,"column":29}},"loc":{"start":{"line":48,"column":44},"end":{"line":52,"column":1}},"line":48},"8":{"name":"(anonymous_8)","decl":{"start":{"line":54,"column":26},"end":{"line":54,"column":27}},"loc":{"start":{"line":55,"column":2},"end":{"line":55,"column":79}},"line":55},"9":{"name":"(anonymous_9)","decl":{"start":{"line":57,"column":21},"end":{"line":57,"column":22}},"loc":{"start":{"line":57,"column":40},"end":{"line":57,"column":70}},"line":57},"10":{"name":"(anonymous_10)","decl":{"start":{"line":59,"column":15},"end":{"line":59,"column":16}},"loc":{"start":{"line":59,"column":31},"end":{"line":71,"column":1}},"line":59},"11":{"name":"(anonymous_11)","decl":{"start":{"line":73,"column":15},"end":{"line":73,"column":16}},"loc":{"start":{"line":73,"column":32},"end":{"line":76,"column":1}},"line":73},"12":{"name":"(anonymous_12)","decl":{"start":{"line":78,"column":15},"end":{"line":78,"column":16}},"loc":{"start":{"line":78,"column":29},"end":{"line":78,"column":66}},"line":78},"13":{"name":"(anonymous_13)","decl":{"start":{"line":80,"column":28},"end":{"line":80,"column":29}},"loc":{"start":{"line":80,"column":50},"end":{"line":95,"column":1}},"line":80},"14":{"name":"(anonymous_14)","decl":{"start":{"line":81,"column":58},"end":{"line":81,"column":59}},"loc":{"start":{"line":81,"column":71},"end":{"line":81,"column":78}},"line":81},"15":{"name":"(anonymous_15)","decl":{"start":{"line":92,"column":39},"end":{"line":92,"column":40}},"loc":{"start":{"line":93,"column":4},"end":{"line":93,"column":43}},"line":93}},"branchMap":{"0":{"loc":{"start":{"line":4,"column":23},"end":{"line":4,"column":33}},"type":"default-arg","locations":[{"start":{"line":4,"column":31},"end":{"line":4,"column":33}}],"line":4},"1":{"loc":{"start":{"line":23,"column":6},"end":{"line":25,"column":7}},"type":"if","locations":[{"start":{"line":23,"column":6},"end":{"line":25,"column":7}},{"start":{"line":23,"column":6},"end":{"line":25,"column":7}}],"line":23},"2":{"loc":{"start":{"line":49,"column":2},"end":{"line":51,"column":3}},"type":"if","locations":[{"start":{"line":49,"column":2},"end":{"line":51,"column":3}},{"start":{"line":49,"column":2},"end":{"line":51,"column":3}}],"line":49},"3":{"loc":{"start":{"line":82,"column":2},"end":{"line":84,"column":3}},"type":"if","locations":[{"start":{"line":82,"column":2},"end":{"line":84,"column":3}},{"start":{"line":82,"column":2},"end":{"line":84,"column":3}}],"line":82},"4":{"loc":{"start":{"line":93,"column":4},"end":{"line":93,"column":43}},"type":"cond-expr","locations":[{"start":{"line":93,"column":17},"end":{"line":93,"column":30}},{"start":{"line":93,"column":33},"end":{"line":93,"column":43}}],"line":93}},"s":{"0":3,"1":3,"2":3,"3":0,"4":0,"5":0,"6":3,"7":11,"8":3,"9":3,"10":3,"11":0,"12":3,"13":1,"14":3,"15":0,"16":3,"17":0,"18":0,"19":3,"20":0,"21":3,"22":0,"23":3,"24":1,"25":1,"26":1,"27":1,"28":3,"29":0,"30":0,"31":3,"32":0,"33":3,"34":0,"35":0,"36":0,"37":0,"38":0,"39":0,"40":0,"41":0,"42":3},"f":{"0":0,"1":0,"2":11,"3":3,"4":0,"5":1,"6":0,"7":0,"8":0,"9":0,"10":1,"11":0,"12":0,"13":0,"14":0,"15":0},"b":{"0":[0],"1":[0,0],"2":[0,0],"3":[0,0],"4":[0,0]},"_coverageSchema":"1a1c01bbd47fc00a2c39e90264f33305004495a9","hash":"55643a8d5d2488627e371ce5162f82f9b5529a44"}
,"/home/isaiah/dev/rap/back-end/api/routes/users/userRouter.js": {"path":"/home/isaiah/dev/rap/back-end/api/routes/users/userRouter.js","statementMap":{"0":{"start":{"line":1,"column":16},"end":{"line":1,"column":34}},"1":{"start":{"line":2,"column":21},"end":{"line":2,"column":61}},"2":{"start":{"line":3,"column":14},"end":{"line":3,"column":36}},"3":{"start":{"line":4,"column":15},"end":{"line":4,"column":31}},"4":{"start":{"line":5,"column":19},"end":{"line":5,"column":57}},"5":{"start":{"line":140,"column":0},"end":{"line":145,"column":3}},"6":{"start":{"line":141,"column":19},"end":{"line":141,"column":22}},"7":{"start":{"line":142,"column":2},"end":{"line":144,"column":5}},"8":{"start":{"line":187,"column":0},"end":{"line":208,"column":3}},"9":{"start":{"line":188,"column":17},"end":{"line":188,"column":25}},"10":{"start":{"line":190,"column":13},"end":{"line":190,"column":29}},"11":{"start":{"line":194,"column":2},"end":{"line":196,"column":3}},"12":{"start":{"line":195,"column":4},"end":{"line":195,"column":33}},"13":{"start":{"line":198,"column":16},"end":{"line":198,"column":24}},"14":{"start":{"line":200,"column":2},"end":{"line":207,"column":3}},"15":{"start":{"line":201,"column":22},"end":{"line":201,"column":64}},"16":{"start":{"line":203,"column":4},"end":{"line":203,"column":51}},"17":{"start":{"line":205,"column":4},"end":{"line":205,"column":23}},"18":{"start":{"line":206,"column":4},"end":{"line":206,"column":63}},"19":{"start":{"line":210,"column":0},"end":{"line":220,"column":3}},"20":{"start":{"line":211,"column":17},"end":{"line":211,"column":25}},"21":{"start":{"line":213,"column":2},"end":{"line":219,"column":3}},"22":{"start":{"line":214,"column":4},"end":{"line":214,"column":38}},"23":{"start":{"line":216,"column":4},"end":{"line":216,"column":71}},"24":{"start":{"line":218,"column":4},"end":{"line":218,"column":63}},"25":{"start":{"line":248,"column":0},"end":{"line":265,"column":3}},"26":{"start":{"line":249,"column":15},"end":{"line":249,"column":23}},"27":{"start":{"line":252,"column":2},"end":{"line":252,"column":29}},"28":{"start":{"line":254,"column":16},"end":{"line":254,"column":24}},"29":{"start":{"line":256,"column":2},"end":{"line":264,"column":3}},"30":{"start":{"line":257,"column":15},"end":{"line":257,"column":39}},"31":{"start":{"line":259,"column":25},"end":{"line":259,"column":79}},"32":{"start":{"line":261,"column":4},"end":{"line":261,"column":57}},"33":{"start":{"line":263,"column":4},"end":{"line":263,"column":53}},"34":{"start":{"line":319,"column":0},"end":{"line":327,"column":3}},"35":{"start":{"line":320,"column":2},"end":{"line":326,"column":3}},"36":{"start":{"line":321,"column":16},"end":{"line":321,"column":37}},"37":{"start":{"line":322,"column":4},"end":{"line":322,"column":23}},"38":{"start":{"line":323,"column":4},"end":{"line":323,"column":32}},"39":{"start":{"line":325,"column":4},"end":{"line":325,"column":53}},"40":{"start":{"line":368,"column":0},"end":{"line":381,"column":2}},"41":{"start":{"line":373,"column":4},"end":{"line":379,"column":5}},"42":{"start":{"line":374,"column":18},"end":{"line":374,"column":71}},"43":{"start":{"line":376,"column":6},"end":{"line":376,"column":34}},"44":{"start":{"line":378,"column":6},"end":{"line":378,"column":55}},"45":{"start":{"line":412,"column":0},"end":{"line":432,"column":3}},"46":{"start":{"line":413,"column":2},"end":{"line":431,"column":3}},"47":{"start":{"line":416,"column":20},"end":{"line":416,"column":48}},"48":{"start":{"line":420,"column":4},"end":{"line":420,"column":39}},"49":{"start":{"line":424,"column":4},"end":{"line":426,"column":7}},"50":{"start":{"line":428,"column":4},"end":{"line":430,"column":7}},"51":{"start":{"line":473,"column":0},"end":{"line":486,"column":3}},"52":{"start":{"line":474,"column":13},"end":{"line":474,"column":34}},"53":{"start":{"line":475,"column":2},"end":{"line":485,"column":7}},"54":{"start":{"line":477,"column":6},"end":{"line":481,"column":7}},"55":{"start":{"line":478,"column":8},"end":{"line":478,"column":38}},"56":{"start":{"line":480,"column":8},"end":{"line":480,"column":59}},"57":{"start":{"line":484,"column":6},"end":{"line":484,"column":51}},"58":{"start":{"line":521,"column":0},"end":{"line":534,"column":2}},"59":{"start":{"line":526,"column":17},"end":{"line":526,"column":27}},"60":{"start":{"line":527,"column":4},"end":{"line":532,"column":5}},"61":{"start":{"line":528,"column":20},"end":{"line":528,"column":55}},"62":{"start":{"line":529,"column":6},"end":{"line":529,"column":52}},"63":{"start":{"line":531,"column":6},"end":{"line":531,"column":55}},"64":{"start":{"line":564,"column":0},"end":{"line":589,"column":2}},"65":{"start":{"line":569,"column":17},"end":{"line":569,"column":27}},"66":{"start":{"line":572,"column":4},"end":{"line":572,"column":31}},"67":{"start":{"line":574,"column":18},"end":{"line":574,"column":26}},"68":{"start":{"line":576,"column":4},"end":{"line":587,"column":5}},"69":{"start":{"line":577,"column":17},"end":{"line":577,"column":41}},"70":{"start":{"line":579,"column":27},"end":{"line":582,"column":7}},"71":{"start":{"line":584,"column":6},"end":{"line":584,"column":59}},"72":{"start":{"line":586,"column":6},"end":{"line":586,"column":55}},"73":{"start":{"line":619,"column":0},"end":{"line":629,"column":3}},"74":{"start":{"line":620,"column":18},"end":{"line":620,"column":26}},"75":{"start":{"line":621,"column":17},"end":{"line":621,"column":27}},"76":{"start":{"line":623,"column":2},"end":{"line":628,"column":3}},"77":{"start":{"line":624,"column":24},"end":{"line":624,"column":66}},"78":{"start":{"line":625,"column":4},"end":{"line":625,"column":51}},"79":{"start":{"line":627,"column":4},"end":{"line":627,"column":64}},"80":{"start":{"line":659,"column":0},"end":{"line":675,"column":3}},"81":{"start":{"line":660,"column":17},"end":{"line":660,"column":27}},"82":{"start":{"line":661,"column":2},"end":{"line":674,"column":3}},"83":{"start":{"line":662,"column":4},"end":{"line":668,"column":7}},"84":{"start":{"line":663,"column":6},"end":{"line":667,"column":9}},"85":{"start":{"line":664,"column":8},"end":{"line":666,"column":70}},"86":{"start":{"line":670,"column":4},"end":{"line":673,"column":7}},"87":{"start":{"line":677,"column":0},"end":{"line":677,"column":24}}},"fnMap":{"0":{"name":"(anonymous_0)","decl":{"start":{"line":140,"column":32},"end":{"line":140,"column":33}},"loc":{"start":{"line":140,"column":46},"end":{"line":145,"column":1}},"line":140},"1":{"name":"(anonymous_1)","decl":{"start":{"line":187,"column":32},"end":{"line":187,"column":33}},"loc":{"start":{"line":187,"column":52},"end":{"line":208,"column":1}},"line":187},"2":{"name":"(anonymous_2)","decl":{"start":{"line":210,"column":35},"end":{"line":210,"column":36}},"loc":{"start":{"line":210,"column":61},"end":{"line":220,"column":1}},"line":210},"3":{"name":"(anonymous_3)","decl":{"start":{"line":248,"column":40},"end":{"line":248,"column":41}},"loc":{"start":{"line":248,"column":60},"end":{"line":265,"column":1}},"line":248},"4":{"name":"(anonymous_4)","decl":{"start":{"line":319,"column":51},"end":{"line":319,"column":52}},"loc":{"start":{"line":319,"column":71},"end":{"line":327,"column":1}},"line":319},"5":{"name":"(anonymous_5)","decl":{"start":{"line":372,"column":2},"end":{"line":372,"column":3}},"loc":{"start":{"line":372,"column":22},"end":{"line":380,"column":3}},"line":372},"6":{"name":"(anonymous_6)","decl":{"start":{"line":412,"column":52},"end":{"line":412,"column":53}},"loc":{"start":{"line":412,"column":72},"end":{"line":432,"column":1}},"line":412},"7":{"name":"(anonymous_7)","decl":{"start":{"line":473,"column":54},"end":{"line":473,"column":55}},"loc":{"start":{"line":473,"column":68},"end":{"line":486,"column":1}},"line":473},"8":{"name":"(anonymous_8)","decl":{"start":{"line":476,"column":10},"end":{"line":476,"column":11}},"loc":{"start":{"line":476,"column":23},"end":{"line":482,"column":5}},"line":476},"9":{"name":"(anonymous_9)","decl":{"start":{"line":483,"column":11},"end":{"line":483,"column":12}},"loc":{"start":{"line":483,"column":20},"end":{"line":485,"column":5}},"line":483},"10":{"name":"(anonymous_10)","decl":{"start":{"line":525,"column":2},"end":{"line":525,"column":3}},"loc":{"start":{"line":525,"column":22},"end":{"line":533,"column":3}},"line":525},"11":{"name":"(anonymous_11)","decl":{"start":{"line":568,"column":2},"end":{"line":568,"column":3}},"loc":{"start":{"line":568,"column":22},"end":{"line":588,"column":3}},"line":568},"12":{"name":"(anonymous_12)","decl":{"start":{"line":619,"column":54},"end":{"line":619,"column":55}},"loc":{"start":{"line":619,"column":74},"end":{"line":629,"column":1}},"line":619},"13":{"name":"(anonymous_13)","decl":{"start":{"line":659,"column":43},"end":{"line":659,"column":44}},"loc":{"start":{"line":659,"column":57},"end":{"line":675,"column":1}},"line":659},"14":{"name":"(anonymous_14)","decl":{"start":{"line":662,"column":28},"end":{"line":662,"column":29}},"loc":{"start":{"line":662,"column":41},"end":{"line":668,"column":5}},"line":662},"15":{"name":"(anonymous_15)","decl":{"start":{"line":663,"column":36},"end":{"line":663,"column":37}},"loc":{"start":{"line":663,"column":42},"end":{"line":667,"column":7}},"line":663}},"branchMap":{"0":{"loc":{"start":{"line":194,"column":2},"end":{"line":196,"column":3}},"type":"if","locations":[{"start":{"line":194,"column":2},"end":{"line":196,"column":3}},{"start":{"line":194,"column":2},"end":{"line":196,"column":3}}],"line":194},"1":{"loc":{"start":{"line":194,"column":6},"end":{"line":194,"column":49}},"type":"binary-expr","locations":[{"start":{"line":194,"column":6},"end":{"line":194,"column":21}},{"start":{"line":194,"column":25},"end":{"line":194,"column":49}}],"line":194},"2":{"loc":{"start":{"line":477,"column":6},"end":{"line":481,"column":7}},"type":"if","locations":[{"start":{"line":477,"column":6},"end":{"line":481,"column":7}},{"start":{"line":477,"column":6},"end":{"line":481,"column":7}}],"line":477}},"s":{"0":3,"1":3,"2":3,"3":3,"4":3,"5":3,"6":2,"7":2,"8":3,"9":0,"10":0,"11":0,"12":0,"13":0,"14":0,"15":0,"16":0,"17":0,"18":0,"19":3,"20":1,"21":1,"22":1,"23":1,"24":0,"25":3,"26":0,"27":0,"28":0,"29":0,"30":0,"31":0,"32":0,"33":0,"34":3,"35":1,"36":1,"37":1,"38":1,"39":0,"40":3,"41":0,"42":0,"43":0,"44":0,"45":3,"46":0,"47":0,"48":0,"49":0,"50":0,"51":3,"52":1,"53":1,"54":1,"55":1,"56":0,"57":0,"58":3,"59":1,"60":1,"61":1,"62":1,"63":0,"64":3,"65":0,"66":0,"67":0,"68":0,"69":0,"70":0,"71":0,"72":0,"73":3,"74":0,"75":0,"76":0,"77":0,"78":0,"79":0,"80":3,"81":0,"82":0,"83":0,"84":0,"85":0,"86":0,"87":3},"f":{"0":2,"1":0,"2":1,"3":0,"4":1,"5":0,"6":0,"7":1,"8":1,"9":0,"10":1,"11":0,"12":0,"13":0,"14":0,"15":0},"b":{"0":[0,0],"1":[0,0],"2":[1,0]},"_coverageSchema":"1a1c01bbd47fc00a2c39e90264f33305004495a9","hash":"6a5520c93c5603d9491d4c8f6d5426357fab94ae"}
,"/home/isaiah/dev/rap/back-end/config/dsConfig.js": {"path":"/home/isaiah/dev/rap/back-end/config/dsConfig.js","statementMap":{"0":{"start":{"line":1,"column":15},"end":{"line":1,"column":32}},"1":{"start":{"line":3,"column":0},"end":{"line":3,"column":35}},"2":{"start":{"line":5,"column":0},"end":{"line":10,"column":2}}},"fnMap":{},"branchMap":{},"s":{"0":2,"1":2,"2":2},"f":{},"b":{},"_coverageSchema":"1a1c01bbd47fc00a2c39e90264f33305004495a9","hash":"f6bbf268cc078a301617ad234dc3c9da780916c2"}
,"/home/isaiah/dev/rap/back-end/config/jsdoc.js": {"path":"/home/isaiah/dev/rap/back-end/config/jsdoc.js","statementMap":{"0":{"start":{"line":1,"column":0},"end":{"line":68,"column":2}}},"fnMap":{},"branchMap":{},"s":{"0":2},"f":{},"b":{},"_coverageSchema":"1a1c01bbd47fc00a2c39e90264f33305004495a9","hash":"64f9fb6119313a78ffad380d4b8de1b9ad094ec5"}
,"/home/isaiah/dev/rap/back-end/config/knexfile.js": {"path":"/home/isaiah/dev/rap/back-end/config/knexfile.js","statementMap":{"0":{"start":{"line":1,"column":15},"end":{"line":1,"column":32}},"1":{"start":{"line":3,"column":11},"end":{"line":3,"column":26}},"2":{"start":{"line":5,"column":0},"end":{"line":5,"column":35}},"3":{"start":{"line":7,"column":0},"end":{"line":32,"column":2}}},"fnMap":{},"branchMap":{},"s":{"0":5,"1":5,"2":5,"3":5},"f":{},"b":{},"_coverageSchema":"1a1c01bbd47fc00a2c39e90264f33305004495a9","hash":"b102bdc34ce6be3e8e16f1befa824aff151798bb"}
,"/home/isaiah/dev/rap/back-end/config/okta.js": {"path":"/home/isaiah/dev/rap/back-end/config/okta.js","statementMap":{"0":{"start":{"line":1,"column":0},"end":{"line":10,"column":2}}},"fnMap":{},"branchMap":{},"s":{"0":1},"f":{},"b":{},"_coverageSchema":"1a1c01bbd47fc00a2c39e90264f33305004495a9","hash":"2a678ff47bfe5793eb44bcfc57e2539e480a0aa4"}
,"/home/isaiah/dev/rap/back-end/data/db-config.js": {"path":"/home/isaiah/dev/rap/back-end/data/db-config.js","statementMap":{"0":{"start":{"line":1,"column":0},"end":{"line":1,"column":27}},"1":{"start":{"line":2,"column":13},"end":{"line":2,"column":28}},"2":{"start":{"line":4,"column":22},"end":{"line":4,"column":59}},"3":{"start":{"line":5,"column":19},"end":{"line":5,"column":63}},"4":{"start":{"line":7,"column":0},"end":{"line":7,"column":34}}},"fnMap":{},"branchMap":{"0":{"loc":{"start":{"line":4,"column":22},"end":{"line":4,"column":59}},"type":"binary-expr","locations":[{"start":{"line":4,"column":22},"end":{"line":4,"column":42}},{"start":{"line":4,"column":46},"end":{"line":4,"column":59}}],"line":4}},"s":{"0":5,"1":5,"2":5,"3":5,"4":5},"f":{},"b":{"0":[5,0]},"_coverageSchema":"1a1c01bbd47fc00a2c39e90264f33305004495a9","hash":"327afa0a5a2266dfcab6ddc492d1ec7640423e9f"}
,"/home/isaiah/dev/rap/back-end/data/seeds/00-cleanup.js": {"path":"/home/isaiah/dev/rap/back-end/data/seeds/00-cleanup.js","statementMap":{"0":{"start":{"line":1,"column":16},"end":{"line":1,"column":39}},"1":{"start":{"line":3,"column":0},"end":{"line":8,"column":2}},"2":{"start":{"line":4,"column":2},"end":{"line":7,"column":5}}},"fnMap":{"0":{"name":"(anonymous_0)","decl":{"start":{"line":3,"column":15},"end":{"line":3,"column":16}},"loc":{"start":{"line":3,"column":31},"end":{"line":8,"column":1}},"line":3}},"branchMap":{},"s":{"0":2,"1":2,"2":2},"f":{"0":2},"b":{},"_coverageSchema":"1a1c01bbd47fc00a2c39e90264f33305004495a9","hash":"d0bf5bba5c8b00f762d4df43682874c745026c26"}
,"/home/isaiah/dev/rap/back-end/data/seeds/01-addresses.js": {"path":"/home/isaiah/dev/rap/back-end/data/seeds/01-addresses.js","statementMap":{"0":{"start":{"line":1,"column":0},"end":{"line":34,"column":2}},"1":{"start":{"line":3,"column":2},"end":{"line":33,"column":7}},"2":{"start":{"line":7,"column":6},"end":{"line":32,"column":9}}},"fnMap":{"0":{"name":"(anonymous_0)","decl":{"start":{"line":1,"column":15},"end":{"line":1,"column":16}},"loc":{"start":{"line":1,"column":31},"end":{"line":34,"column":1}},"line":1},"1":{"name":"(anonymous_1)","decl":{"start":{"line":5,"column":10},"end":{"line":5,"column":11}},"loc":{"start":{"line":5,"column":22},"end":{"line":33,"column":5}},"line":5}},"branchMap":{},"s":{"0":2,"1":2,"2":2},"f":{"0":2,"1":2},"b":{},"_coverageSchema":"1a1c01bbd47fc00a2c39e90264f33305004495a9","hash":"dc0a512d2515c3cbe6247fe31542afc194a92be1"}
,"/home/isaiah/dev/rap/back-end/data/seeds/02-organizations.js": {"path":"/home/isaiah/dev/rap/back-end/data/seeds/02-organizations.js","statementMap":{"0":{"start":{"line":1,"column":0},"end":{"line":13,"column":2}},"1":{"start":{"line":3,"column":2},"end":{"line":12,"column":7}},"2":{"start":{"line":7,"column":6},"end":{"line":11,"column":9}}},"fnMap":{"0":{"name":"(anonymous_0)","decl":{"start":{"line":1,"column":15},"end":{"line":1,"column":16}},"loc":{"start":{"line":1,"column":31},"end":{"line":13,"column":1}},"line":1},"1":{"name":"(anonymous_1)","decl":{"start":{"line":5,"column":10},"end":{"line":5,"column":11}},"loc":{"start":{"line":5,"column":22},"end":{"line":12,"column":5}},"line":5}},"branchMap":{},"s":{"0":2,"1":2,"2":2},"f":{"0":2,"1":2},"b":{},"_coverageSchema":"1a1c01bbd47fc00a2c39e90264f33305004495a9","hash":"e1a6c8242ac9ca911db096c566c70d5a768aa5b5"}
,"/home/isaiah/dev/rap/back-end/data/seeds/03-users.js": {"path":"/home/isaiah/dev/rap/back-end/data/seeds/03-users.js","statementMap":{"0":{"start":{"line":1,"column":15},"end":{"line":1,"column":34}},"1":{"start":{"line":2,"column":11},"end":{"line":2,"column":34}},"2":{"start":{"line":3,"column":0},"end":{"line":50,"column":2}},"3":{"start":{"line":5,"column":2},"end":{"line":9,"column":4}},"4":{"start":{"line":6,"column":4},"end":{"line":6,"column":21}},"5":{"start":{"line":8,"column":4},"end":{"line":8,"column":22}},"6":{"start":{"line":11,"column":2},"end":{"line":49,"column":7}},"7":{"start":{"line":15,"column":6},"end":{"line":48,"column":9}}},"fnMap":{"0":{"name":"(anonymous_0)","decl":{"start":{"line":3,"column":15},"end":{"line":3,"column":16}},"loc":{"start":{"line":3,"column":31},"end":{"line":50,"column":1}},"line":3},"1":{"name":"(anonymous_1)","decl":{"start":{"line":5,"column":23},"end":{"line":5,"column":24}},"loc":{"start":{"line":5,"column":31},"end":{"line":7,"column":3}},"line":5},"2":{"name":"(anonymous_2)","decl":{"start":{"line":7,"column":11},"end":{"line":7,"column":12}},"loc":{"start":{"line":7,"column":18},"end":{"line":9,"column":3}},"line":7},"3":{"name":"(anonymous_3)","decl":{"start":{"line":13,"column":10},"end":{"line":13,"column":11}},"loc":{"start":{"line":13,"column":22},"end":{"line":49,"column":5}},"line":13}},"branchMap":{},"s":{"0":2,"1":2,"2":2,"3":2,"4":2,"5":0,"6":2,"7":2},"f":{"0":2,"1":2,"2":0,"3":2},"b":{},"_coverageSchema":"1a1c01bbd47fc00a2c39e90264f33305004495a9","hash":"73fc02306cab77b0672857931cf1cd0746956b17"}
}
