TN:
SF:api/app.js
FN:32,(anonymous_0)
FN:64,(anonymous_1)
FN:69,(anonymous_2)
FNF:3
FNH:2
FNDA:0,(anonymous_0)
FNDA:1,(anonymous_1)
FNDA:1,(anonymous_2)
DA:1,2
DA:2,2
DA:3,2
DA:4,2
DA:5,2
DA:6,2
DA:7,2
DA:8,2
DA:9,2
DA:10,2
DA:12,2
DA:13,2
DA:14,0
DA:17,2
DA:18,2
DA:23,2
DA:24,2
DA:25,2
DA:26,2
DA:27,2
DA:28,2
DA:30,2
DA:32,2
DA:33,0
DA:38,2
DA:44,2
DA:45,2
DA:46,2
DA:51,2
DA:52,2
DA:53,2
DA:56,2
DA:57,2
DA:58,2
DA:59,2
DA:60,2
DA:61,2
DA:64,2
DA:65,1
DA:69,2
DA:70,1
DA:71,1
DA:72,1
DA:73,1
DA:74,0
DA:78,1
DA:79,0
DA:80,0
DA:82,1
DA:83,1
DA:84,1
DA:85,1
DA:87,0
DA:90,2
LF:54
LH:48
BRDA:13,0,0,0
BRDA:13,0,1,2
BRDA:13,1,0,2
BRDA:13,1,1,2
BRDA:70,2,0,1
BRDA:70,2,1,0
BRDA:73,3,0,0
BRDA:73,3,1,1
BRDA:78,4,0,0
BRDA:78,4,1,1
BRDA:78,5,0,1
BRDA:78,5,1,0
BRDA:82,6,0,1
BRDA:82,6,1,0
BRDA:83,7,0,1
BRDA:83,7,1,0
BRF:16
BRH:9
end_of_record
TN:
SF:api/middleware/authRequired.js
FN:5,(anonymous_0)
FNF:1
FNH:1
FNDA:4,(anonymous_0)
DA:1,2
DA:2,2
DA:3,2
DA:5,2
DA:8,4
DA:12,3
DA:15,4
DA:16,1
DA:23,3
DA:24,3
DA:27,3
DA:29,3
DA:30,1
DA:37,2
DA:40,2
DA:41,2
DA:43,0
DA:47,2
LF:18
LH:17
BRDA:8,0,0,3
BRDA:8,0,1,1
BRDA:9,1,0,4
BRDA:9,1,1,3
BRDA:15,2,0,1
BRDA:15,2,1,3
BRDA:29,3,0,1
BRDA:29,3,1,2
BRF:8
BRH:8
end_of_record
TN:
SF:api/middleware/restrictTo.js
FN:3,(anonymous_0)
FN:3,(anonymous_1)
FNF:2
FNH:1
FNDA:44,(anonymous_0)
FNDA:0,(anonymous_1)
DA:1,3
DA:3,44
DA:4,0
DA:6,0
DA:7,0
DA:9,0
DA:12,3
LF:7
LH:3
BRDA:6,0,0,0
BRDA:6,0,1,0
BRF:2
BRH:0
end_of_record
TN:
SF:api/routes/addresses/addr-model.js
FN:3,(anonymous_0)
FN:7,(anonymous_1)
FN:11,(anonymous_2)
FN:15,(anonymous_3)
FN:19,(anonymous_4)
FN:23,(anonymous_5)
FNF:6
FNH:0
FNDA:0,(anonymous_0)
FNDA:0,(anonymous_1)
FNDA:0,(anonymous_2)
FNDA:0,(anonymous_3)
FNDA:0,(anonymous_4)
FNDA:0,(anonymous_5)
DA:1,2
DA:3,2
DA:4,0
DA:7,2
DA:8,0
DA:11,2
DA:12,0
DA:15,2
DA:16,0
DA:19,2
DA:20,0
DA:23,2
DA:24,0
DA:27,2
LF:14
LH:8
BRF:0
BRH:0
end_of_record
TN:
SF:api/routes/addresses/addr-router.js
FN:8,(anonymous_0)
FN:17,(anonymous_1)
FN:28,(anonymous_2)
FN:38,(anonymous_3)
FN:49,(anonymous_4)
FNF:5
FNH:0
FNDA:0,(anonymous_0)
FNDA:0,(anonymous_1)
FNDA:0,(anonymous_2)
FNDA:0,(anonymous_3)
FNDA:0,(anonymous_4)
DA:1,2
DA:2,2
DA:4,2
DA:5,2
DA:6,2
DA:8,2
DA:9,0
DA:10,0
DA:11,0
DA:13,0
DA:17,2
DA:18,0
DA:20,0
DA:21,0
DA:22,0
DA:24,0
DA:28,2
DA:29,0
DA:30,0
DA:31,0
DA:32,0
DA:34,0
DA:38,2
DA:39,0
DA:40,0
DA:41,0
DA:42,0
DA:43,0
DA:45,0
DA:49,2
DA:50,0
DA:51,0
DA:52,0
DA:53,0
DA:55,0
DA:59,2
LF:36
LH:11
BRF:0
BRH:0
end_of_record
TN:
SF:api/routes/auth/authRouter.js
FNF:0
FNH:0
DA:1,2
DA:2,2
DA:4,2
DA:7,2
DA:10,2
DA:12,2
DA:14,2
LF:7
LH:7
BRF:0
BRH:0
end_of_record
TN:
SF:api/routes/auth/controllers/index.js
FNF:0
FNH:0
DA:1,2
DA:3,2
DA:5,2
LF:3
LH:3
BRF:0
BRH:0
end_of_record
TN:
SF:api/routes/auth/controllers/loginUser.js
FN:5,(anonymous_0)
FNF:1
FNH:1
FNDA:4,(anonymous_0)
DA:1,2
DA:2,2
DA:3,2
DA:5,2
DA:6,4
DA:8,4
DA:10,4
DA:11,4
DA:13,4
DA:15,4
DA:17,1
DA:21,3
DA:24,3
DA:26,3
DA:31,0
DA:35,2
LF:16
LH:15
BRDA:15,0,0,1
BRDA:15,0,1,3
BRF:2
BRH:2
end_of_record
TN:
SF:api/routes/auth/controllers/registerUser.js
FN:5,(anonymous_0)
FNF:1
FNH:1
FNDA:1,(anonymous_0)
DA:1,2
DA:3,2
DA:5,2
DA:6,1
DA:8,1
DA:9,1
DA:11,1
DA:14,1
DA:17,1
DA:19,1
DA:24,0
DA:28,2
LF:12
LH:11
BRF:0
BRH:0
end_of_record
TN:
SF:api/routes/auth/utils/index.js
FN:3,(anonymous_0)
FNF:1
FNH:1
FNDA:4,(anonymous_0)
DA:1,2
DA:3,2
DA:4,4
DA:8,2
LF:4
LH:4
BRF:0
BRH:0
end_of_record
TN:
SF:api/routes/auth/validators/index.js
FNF:0
FNH:0
DA:1,2
DA:2,2
DA:4,2
LF:3
LH:3
BRF:0
BRH:0
end_of_record
TN:
SF:api/routes/auth/validators/validateLogin.js
FN:11,(anonymous_0)
FNF:1
FNH:1
FNDA:6,(anonymous_0)
DA:1,2
DA:2,2
DA:4,2
DA:12,6
DA:13,6
DA:14,1
DA:16,5
DA:18,5
DA:20,5
DA:22,5
DA:24,5
DA:26,1
DA:29,4
DA:31,0
LF:14
LH:13
BRDA:13,0,0,1
BRDA:13,0,1,5
BRDA:24,1,0,1
BRDA:24,1,1,4
BRF:4
BRH:4
end_of_record
TN:
SF:api/routes/auth/validators/validateRegistration.js
FN:31,(anonymous_0)
FN:45,(anonymous_1)
FNF:2
FNH:2
FNDA:4,(anonymous_0)
FNDA:4,(anonymous_1)
DA:1,2
DA:3,2
DA:5,2
DA:7,2
DA:31,4
DA:46,4
DA:47,4
DA:48,4
DA:49,2
DA:51,2
DA:53,2
DA:55,2
DA:57,2
DA:58,1
DA:63,1
DA:65,0
LF:16
LH:15
BRDA:48,0,0,2
BRDA:48,0,1,2
BRDA:57,1,0,1
BRDA:57,1,1,1
BRF:4
BRH:4
end_of_record
TN:
SF:api/routes/dsService/dsModel.js
FN:6,(anonymous_0)
FN:8,(anonymous_1)
FNF:2
FNH:0
FNDA:0,(anonymous_0)
FNDA:0,(anonymous_1)
DA:1,2
DA:2,2
DA:4,2
DA:6,2
DA:8,2
DA:10,2
LF:6
LH:6
BRF:0
BRH:0
end_of_record
TN:
SF:api/routes/dsService/dsRouter.js
FN:64,(anonymous_0)
FN:71,(anonymous_1)
FN:74,(anonymous_2)
FN:107,(anonymous_3)
FN:112,(anonymous_4)
FN:115,(anonymous_5)
FNF:6
FNH:0
FNDA:0,(anonymous_0)
FNDA:0,(anonymous_1)
FNDA:0,(anonymous_2)
FNDA:0,(anonymous_3)
FNDA:0,(anonymous_4)
FNDA:0,(anonymous_5)
DA:1,2
DA:3,2
DA:4,2
DA:5,2
DA:64,2
DA:65,0
DA:66,0
DA:67,0
DA:69,0
DA:72,0
DA:75,0
DA:76,0
DA:107,2
DA:108,0
DA:110,0
DA:113,0
DA:116,0
DA:117,0
DA:121,2
LF:19
LH:7
BRF:0
BRH:0
end_of_record
TN:
SF:api/routes/index/indexRouter.js
FN:28,(anonymous_0)
FNF:1
FNH:1
FNDA:1,(anonymous_0)
DA:1,2
DA:3,2
DA:28,2
DA:29,1
DA:32,2
LF:5
LH:5
BRF:0
BRH:0
end_of_record
TN:
SF:api/routes/organizations/org-model.js
FN:3,(anonymous_0)
FN:7,(anonymous_1)
FN:11,(anonymous_2)
FN:15,(anonymous_3)
FN:19,(anonymous_4)
FN:23,(anonymous_5)
FNF:6
FNH:0
FNDA:0,(anonymous_0)
FNDA:0,(anonymous_1)
FNDA:0,(anonymous_2)
FNDA:0,(anonymous_3)
FNDA:0,(anonymous_4)
FNDA:0,(anonymous_5)
DA:1,2
DA:3,2
DA:4,0
DA:7,2
DA:8,0
DA:11,2
DA:12,0
DA:15,2
DA:16,0
DA:19,2
DA:20,0
DA:23,2
DA:24,0
DA:27,2
LF:14
LH:8
BRF:0
BRH:0
end_of_record
TN:
SF:api/routes/organizations/org-router.js
FN:8,(anonymous_0)
FN:17,(anonymous_1)
FN:27,(anonymous_2)
FN:37,(anonymous_3)
FN:48,(anonymous_4)
FNF:5
FNH:0
FNDA:0,(anonymous_0)
FNDA:0,(anonymous_1)
FNDA:0,(anonymous_2)
FNDA:0,(anonymous_3)
FNDA:0,(anonymous_4)
DA:1,2
DA:2,2
DA:4,2
DA:5,2
DA:6,2
DA:8,2
DA:9,0
DA:10,0
DA:11,0
DA:13,0
DA:17,2
DA:18,0
DA:19,0
DA:20,0
DA:21,0
DA:23,0
DA:27,2
DA:28,0
DA:29,0
DA:30,0
DA:31,0
DA:33,0
DA:37,2
DA:38,0
DA:39,0
DA:40,0
DA:41,0
DA:42,0
DA:44,0
DA:48,2
DA:49,0
DA:50,0
DA:51,0
DA:52,0
DA:54,0
DA:57,2
LF:36
LH:11
BRF:0
BRH:0
end_of_record
TN:
SF:api/routes/users/userModel.js
FN:4,(anonymous_0)
FN:22,(anonymous_1)
FN:28,(anonymous_2)
FN:30,(anonymous_3)
FN:32,(anonymous_4)
FN:35,(anonymous_5)
FN:37,(anonymous_6)
FN:48,(anonymous_7)
FN:54,(anonymous_8)
FN:57,(anonymous_9)
FN:59,(anonymous_10)
FN:73,(anonymous_11)
FN:78,(anonymous_12)
FN:80,(anonymous_13)
FN:81,(anonymous_14)
FN:92,(anonymous_15)
FNF:16
FNH:4
FNDA:0,(anonymous_0)
FNDA:0,(anonymous_1)
FNDA:11,(anonymous_2)
FNDA:3,(anonymous_3)
FNDA:0,(anonymous_4)
FNDA:1,(anonymous_5)
FNDA:0,(anonymous_6)
FNDA:0,(anonymous_7)
FNDA:0,(anonymous_8)
FNDA:0,(anonymous_9)
FNDA:1,(anonymous_10)
FNDA:0,(anonymous_11)
FNDA:0,(anonymous_12)
FNDA:0,(anonymous_13)
FNDA:0,(anonymous_14)
FNDA:0,(anonymous_15)
DA:1,3
DA:2,3
DA:4,3
DA:5,0
DA:23,0
DA:24,0
DA:28,11
DA:30,3
DA:32,3
DA:33,0
DA:35,3
DA:37,3
DA:38,0
DA:48,3
DA:49,0
DA:50,0
DA:54,3
DA:55,0
DA:57,3
DA:59,3
DA:62,1
DA:64,1
DA:68,1
DA:70,1
DA:73,3
DA:74,0
DA:75,0
DA:78,3
DA:80,3
DA:81,0
DA:82,0
DA:83,0
DA:88,0
DA:90,0
DA:92,0
DA:93,0
DA:97,3
LF:37
LH:20
BRDA:4,0,0,0
BRDA:23,1,0,0
BRDA:23,1,1,0
BRDA:49,2,0,0
BRDA:49,2,1,0
BRDA:82,3,0,0
BRDA:82,3,1,0
BRDA:93,4,0,0
BRDA:93,4,1,0
BRF:9
BRH:0
end_of_record
TN:
SF:api/routes/users/userRouter.js
FN:140,(anonymous_0)
FN:186,(anonymous_1)
FN:209,(anonymous_2)
FN:247,(anonymous_3)
FN:318,(anonymous_4)
FN:371,(anonymous_5)
FN:411,(anonymous_6)
FN:472,(anonymous_7)
FN:475,(anonymous_8)
FN:482,(anonymous_9)
FN:524,(anonymous_10)
FN:567,(anonymous_11)
FN:618,(anonymous_12)
FN:658,(anonymous_13)
FN:661,(anonymous_14)
FN:662,(anonymous_15)
FNF:16
FNH:2
FNDA:1,(anonymous_0)
FNDA:0,(anonymous_1)
FNDA:1,(anonymous_2)
FNDA:0,(anonymous_3)
FNDA:0,(anonymous_4)
FNDA:0,(anonymous_5)
FNDA:0,(anonymous_6)
FNDA:0,(anonymous_7)
FNDA:0,(anonymous_8)
FNDA:0,(anonymous_9)
FNDA:0,(anonymous_10)
FNDA:0,(anonymous_11)
FNDA:0,(anonymous_12)
FNDA:0,(anonymous_13)
FNDA:0,(anonymous_14)
FNDA:0,(anonymous_15)
DA:1,3
DA:2,3
DA:3,3
DA:4,3
DA:5,3
DA:140,3
DA:141,1
DA:142,1
DA:186,3
DA:187,0
DA:189,0
DA:193,0
DA:194,0
DA:197,0
DA:199,0
DA:200,0
DA:202,0
DA:204,0
DA:205,0
DA:209,3
DA:210,1
DA:212,1
DA:213,1
DA:215,1
DA:217,0
DA:247,3
DA:248,0
DA:251,0
DA:253,0
DA:255,0
DA:256,0
DA:258,0
DA:260,0
DA:262,0
DA:318,3
DA:319,0
DA:320,0
DA:321,0
DA:322,0
DA:324,0
DA:367,3
DA:372,0
DA:373,0
DA:375,0
DA:377,0
DA:411,3
DA:412,0
DA:415,0
DA:419,0
DA:423,0
DA:427,0
DA:472,3
DA:473,0
DA:474,0
DA:476,0
DA:477,0
DA:479,0
DA:483,0
DA:520,3
DA:525,0
DA:526,0
DA:527,0
DA:528,0
DA:530,0
DA:563,3
DA:568,0
DA:571,0
DA:573,0
DA:575,0
DA:576,0
DA:578,0
DA:583,0
DA:585,0
DA:618,3
DA:619,0
DA:620,0
DA:622,0
DA:623,0
DA:624,0
DA:626,0
DA:658,3
DA:659,0
DA:660,0
DA:661,0
DA:662,0
DA:663,0
DA:669,0
DA:676,3
LF:88
LH:24
BRDA:193,0,0,0
BRDA:193,0,1,0
BRDA:193,1,0,0
BRDA:193,1,1,0
BRDA:476,2,0,0
BRDA:476,2,1,0
BRF:6
BRH:0
end_of_record
TN:
SF:config/dsConfig.js
FNF:0
FNH:0
DA:1,2
DA:3,2
DA:5,2
LF:3
LH:3
BRF:0
BRH:0
end_of_record
TN:
SF:config/jsdoc.js
FNF:0
FNH:0
DA:1,2
LF:1
LH:1
BRF:0
BRH:0
end_of_record
TN:
SF:config/knexfile.js
FNF:0
FNH:0
DA:1,4
DA:3,4
DA:5,4
DA:7,4
LF:4
LH:4
BRF:0
BRH:0
end_of_record
TN:
SF:data/db-config.js
FNF:0
FNH:0
DA:1,4
DA:2,4
DA:4,4
DA:5,4
DA:7,4
LF:5
LH:5
BRDA:4,0,0,4
BRDA:4,0,1,0
BRF:2
BRH:1
end_of_record
TN:
SF:data/migrations/20210201111221_addresses.js
FN:1,(anonymous_0)
FN:2,(anonymous_1)
FN:11,(anonymous_2)
FNF:3
FNH:3
FNDA:1,(anonymous_0)
FNDA:1,(anonymous_1)
FNDA:1,(anonymous_2)
DA:1,1
DA:2,1
DA:3,1
DA:4,1
DA:5,1
DA:6,1
DA:7,1
DA:11,1
DA:12,1
LF:9
LH:9
BRF:0
BRH:0
end_of_record
TN:
SF:data/migrations/20210201111400_organizations.js
FN:1,(anonymous_0)
FN:2,(anonymous_1)
FN:8,(anonymous_2)
FNF:3
FNH:3
FNDA:1,(anonymous_0)
FNDA:1,(anonymous_1)
FNDA:1,(anonymous_2)
DA:1,1
DA:2,1
DA:3,1
DA:4,1
DA:8,1
DA:9,1
LF:6
LH:6
BRF:0
BRH:0
end_of_record
TN:
SF:data/migrations/20210201111450_users.js
FN:1,(anonymous_0)
FN:2,(anonymous_1)
FN:35,(anonymous_2)
FNF:3
FNH:3
FNDA:1,(anonymous_0)
FNDA:1,(anonymous_1)
FNDA:1,(anonymous_2)
DA:1,1
DA:2,1
DA:3,1
DA:4,1
DA:5,1
DA:6,1
DA:7,1
DA:8,1
DA:12,1
DA:13,1
DA:16,1
DA:17,1
DA:18,1
DA:25,1
DA:35,1
DA:36,1
LF:16
LH:16
BRF:0
BRH:0
end_of_record
TN:
SF:data/seeds/00-cleanup.js
FN:3,(anonymous_0)
FNF:1
FNH:1
FNDA:11,(anonymous_0)
DA:1,1
DA:3,1
DA:4,11
LF:3
LH:3
BRF:0
BRH:0
end_of_record
TN:
SF:data/seeds/01-addresses.js
FN:1,(anonymous_0)
FN:5,(anonymous_1)
FNF:2
FNH:2
FNDA:11,(anonymous_0)
FNDA:11,(anonymous_1)
DA:1,1
DA:3,11
DA:7,11
LF:3
LH:3
BRF:0
BRH:0
end_of_record
TN:
SF:data/seeds/02-organizations.js
FN:1,(anonymous_0)
FN:5,(anonymous_1)
FNF:2
FNH:2
FNDA:11,(anonymous_0)
FNDA:11,(anonymous_1)
DA:1,1
DA:3,11
DA:7,11
LF:3
LH:3
BRF:0
BRH:0
end_of_record
TN:
SF:data/seeds/03-users.js
FN:3,(anonymous_0)
FN:6,(anonymous_1)
FNF:2
FNH:2
FNDA:11,(anonymous_0)
FNDA:11,(anonymous_1)
DA:1,1
DA:3,1
DA:4,11
DA:8,11
LF:4
LH:4
BRF:0
BRH:0
end_of_record
